[0.273s] Invoking command in '/home/rodrigo/turtlebot3_ws/build/turtlebot3_navigation2': CMAKE_PREFIX_PATH=${CMAKE_PREFIX_PATH}:/home/rodrigo/turtlebot3_ws/install/turtlebot3_teleop:/home/rodrigo/turtlebot3_ws/install/turtlebot3_example:/home/rodrigo/turtlebot3_ws/install/turtlebot3_control_ros2:/opt/ros/humble /usr/bin/cmake /home/rodrigo/turtlebot3_ws/src/turtlebot3/turtlebot3_navigation2 -DCMAKE_INSTALL_PREFIX=/home/rodrigo/turtlebot3_ws/install/turtlebot3_navigation2
[0.702s] -- The C compiler identification is GNU 13.1.0
[0.702s] -- The CXX compiler identification is GNU 13.1.0
[0.702s] -- Detecting C compiler ABI info
[0.702s] -- Detecting C compiler ABI info - done
[0.702s] -- Check for working C compiler: /usr/bin/cc - skipped
[0.702s] -- Detecting C compile features
[0.702s] -- Detecting C compile features - done
[0.702s] -- Detecting CXX compiler ABI info
[0.702s] -- Detecting CXX compiler ABI info - done
[0.702s] -- Check for working CXX compiler: /usr/bin/c++ - skipped
[0.702s] -- Detecting CXX compile features
[0.702s] -- Detecting CXX compile features - done
[0.704s] -- Found ament_cmake: 1.3.11 (/opt/ros/humble/share/ament_cmake/cmake)
[0.891s] -- Found Python3: /usr/bin/python3 (found version "3.10.12") found components: Interpreter 
[1.092s] -- Configuring done
[1.094s] -- Generating done
[1.095s] -- Build files have been written to: /home/rodrigo/turtlebot3_ws/build/turtlebot3_navigation2
[1.100s] Invoked command in '/home/rodrigo/turtlebot3_ws/build/turtlebot3_navigation2' returned '0': CMAKE_PREFIX_PATH=${CMAKE_PREFIX_PATH}:/home/rodrigo/turtlebot3_ws/install/turtlebot3_teleop:/home/rodrigo/turtlebot3_ws/install/turtlebot3_example:/home/rodrigo/turtlebot3_ws/install/turtlebot3_control_ros2:/opt/ros/humble /usr/bin/cmake /home/rodrigo/turtlebot3_ws/src/turtlebot3/turtlebot3_navigation2 -DCMAKE_INSTALL_PREFIX=/home/rodrigo/turtlebot3_ws/install/turtlebot3_navigation2
[1.102s] Invoking command in '/home/rodrigo/turtlebot3_ws/build/turtlebot3_navigation2': CMAKE_PREFIX_PATH=${CMAKE_PREFIX_PATH}:/home/rodrigo/turtlebot3_ws/install/turtlebot3_teleop:/home/rodrigo/turtlebot3_ws/install/turtlebot3_example:/home/rodrigo/turtlebot3_ws/install/turtlebot3_control_ros2:/opt/ros/humble /usr/bin/cmake --build /home/rodrigo/turtlebot3_ws/build/turtlebot3_navigation2 -- -j12 -l12
[1.136s] Invoked command in '/home/rodrigo/turtlebot3_ws/build/turtlebot3_navigation2' returned '0': CMAKE_PREFIX_PATH=${CMAKE_PREFIX_PATH}:/home/rodrigo/turtlebot3_ws/install/turtlebot3_teleop:/home/rodrigo/turtlebot3_ws/install/turtlebot3_example:/home/rodrigo/turtlebot3_ws/install/turtlebot3_control_ros2:/opt/ros/humble /usr/bin/cmake --build /home/rodrigo/turtlebot3_ws/build/turtlebot3_navigation2 -- -j12 -l12
[1.137s] Invoking command in '/home/rodrigo/turtlebot3_ws/build/turtlebot3_navigation2': CMAKE_PREFIX_PATH=${CMAKE_PREFIX_PATH}:/home/rodrigo/turtlebot3_ws/install/turtlebot3_teleop:/home/rodrigo/turtlebot3_ws/install/turtlebot3_example:/home/rodrigo/turtlebot3_ws/install/turtlebot3_control_ros2:/opt/ros/humble /usr/bin/cmake --install /home/rodrigo/turtlebot3_ws/build/turtlebot3_navigation2
[1.143s] -- Install configuration: ""
[1.143s] -- Installing: /home/rodrigo/turtlebot3_ws/install/turtlebot3_navigation2/share/turtlebot3_navigation2/launch
[1.143s] -- Installing: /home/rodrigo/turtlebot3_ws/install/turtlebot3_navigation2/share/turtlebot3_navigation2/launch/navigation2.launch.py
[1.143s] -- Installing: /home/rodrigo/turtlebot3_ws/install/turtlebot3_navigation2/share/turtlebot3_navigation2/map
[1.143s] -- Installing: /home/rodrigo/turtlebot3_ws/install/turtlebot3_navigation2/share/turtlebot3_navigation2/map/map.yaml
[1.143s] -- Installing: /home/rodrigo/turtlebot3_ws/install/turtlebot3_navigation2/share/turtlebot3_navigation2/map/map.pgm
[1.143s] -- Installing: /home/rodrigo/turtlebot3_ws/install/turtlebot3_navigation2/share/turtlebot3_navigation2/param
[1.144s] -- Installing: /home/rodrigo/turtlebot3_ws/install/turtlebot3_navigation2/share/turtlebot3_navigation2/param/waffle.yaml
[1.144s] -- Installing: /home/rodrigo/turtlebot3_ws/install/turtlebot3_navigation2/share/turtlebot3_navigation2/param/waffle_pi.yaml
[1.144s] -- Installing: /home/rodrigo/turtlebot3_ws/install/turtlebot3_navigation2/share/turtlebot3_navigation2/param/burger.yaml
[1.144s] -- Installing: /home/rodrigo/turtlebot3_ws/install/turtlebot3_navigation2/share/turtlebot3_navigation2/rviz
[1.144s] -- Installing: /home/rodrigo/turtlebot3_ws/install/turtlebot3_navigation2/share/turtlebot3_navigation2/rviz/tb3_navigation2.rviz
[1.144s] -- Installing: /home/rodrigo/turtlebot3_ws/install/turtlebot3_navigation2/share/ament_index/resource_index/package_run_dependencies/turtlebot3_navigation2
[1.144s] -- Installing: /home/rodrigo/turtlebot3_ws/install/turtlebot3_navigation2/share/ament_index/resource_index/parent_prefix_path/turtlebot3_navigation2
[1.144s] -- Installing: /home/rodrigo/turtlebot3_ws/install/turtlebot3_navigation2/share/turtlebot3_navigation2/environment/ament_prefix_path.sh
[1.145s] -- Installing: /home/rodrigo/turtlebot3_ws/install/turtlebot3_navigation2/share/turtlebot3_navigation2/environment/ament_prefix_path.dsv
[1.145s] -- Installing: /home/rodrigo/turtlebot3_ws/install/turtlebot3_navigation2/share/turtlebot3_navigation2/environment/path.sh
[1.145s] -- Installing: /home/rodrigo/turtlebot3_ws/install/turtlebot3_navigation2/share/turtlebot3_navigation2/environment/path.dsv
[1.145s] -- Installing: /home/rodrigo/turtlebot3_ws/install/turtlebot3_navigation2/share/turtlebot3_navigation2/local_setup.bash
[1.145s] -- Installing: /home/rodrigo/turtlebot3_ws/install/turtlebot3_navigation2/share/turtlebot3_navigation2/local_setup.sh
[1.145s] -- Installing: /home/rodrigo/turtlebot3_ws/install/turtlebot3_navigation2/share/turtlebot3_navigation2/local_setup.zsh
[1.145s] -- Installing: /home/rodrigo/turtlebot3_ws/install/turtlebot3_navigation2/share/turtlebot3_navigation2/local_setup.dsv
[1.145s] -- Installing: /home/rodrigo/turtlebot3_ws/install/turtlebot3_navigation2/share/turtlebot3_navigation2/package.dsv
[1.146s] -- Installing: /home/rodrigo/turtlebot3_ws/install/turtlebot3_navigation2/share/ament_index/resource_index/packages/turtlebot3_navigation2
[1.146s] -- Installing: /home/rodrigo/turtlebot3_ws/install/turtlebot3_navigation2/share/turtlebot3_navigation2/cmake/turtlebot3_navigation2Config.cmake
[1.146s] -- Installing: /home/rodrigo/turtlebot3_ws/install/turtlebot3_navigation2/share/turtlebot3_navigation2/cmake/turtlebot3_navigation2Config-version.cmake
[1.146s] -- Installing: /home/rodrigo/turtlebot3_ws/install/turtlebot3_navigation2/share/turtlebot3_navigation2/package.xml
[1.147s] Invoked command in '/home/rodrigo/turtlebot3_ws/build/turtlebot3_navigation2' returned '0': CMAKE_PREFIX_PATH=${CMAKE_PREFIX_PATH}:/home/rodrigo/turtlebot3_ws/install/turtlebot3_teleop:/home/rodrigo/turtlebot3_ws/install/turtlebot3_example:/home/rodrigo/turtlebot3_ws/install/turtlebot3_control_ros2:/opt/ros/humble /usr/bin/cmake --install /home/rodrigo/turtlebot3_ws/build/turtlebot3_navigation2
