[0.937s] Invoking command in '/home/rodrigo/turtlebot3_ws/src/turtlebot3/turtlebot3_teleop': PYTHONPATH=/home/rodrigo/turtlebot3_ws/build/turtlebot3_teleop/prefix_override:/usr/lib/python3/dist-packages/colcon_core/task/python/colcon_distutils_commands:/home/rodrigo/turtlebot3_ws/install/turtlebot3_teleop/lib/python3.10/site-packages:${PYTHONPATH} /usr/bin/python3 -W ignore:setup.py install is deprecated -W ignore:easy_install command is deprecated setup.py egg_info --egg-base ../../../build/turtlebot3_teleop build --build-base /home/rodrigo/turtlebot3_ws/build/turtlebot3_teleop/build install --record /home/rodrigo/turtlebot3_ws/build/turtlebot3_teleop/install.log --single-version-externally-managed install_data
[1.137s] running egg_info
[1.138s] writing ../../../build/turtlebot3_teleop/turtlebot3_teleop.egg-info/PKG-INFO
[1.141s] writing dependency_links to ../../../build/turtlebot3_teleop/turtlebot3_teleop.egg-info/dependency_links.txt
[1.141s] writing entry points to ../../../build/turtlebot3_teleop/turtlebot3_teleop.egg-info/entry_points.txt
[1.141s] writing requirements to ../../../build/turtlebot3_teleop/turtlebot3_teleop.egg-info/requires.txt
[1.141s] writing top-level names to ../../../build/turtlebot3_teleop/turtlebot3_teleop.egg-info/top_level.txt
[1.143s] reading manifest file '../../../build/turtlebot3_teleop/turtlebot3_teleop.egg-info/SOURCES.txt'
[1.144s] writing manifest file '../../../build/turtlebot3_teleop/turtlebot3_teleop.egg-info/SOURCES.txt'
[1.144s] running build
[1.144s] running build_py
[1.146s] running install
[1.146s] running install_lib
[1.148s] running install_data
[1.148s] running install_egg_info
[1.149s] removing '/home/rodrigo/turtlebot3_ws/install/turtlebot3_teleop/lib/python3.10/site-packages/turtlebot3_teleop-2.1.5-py3.10.egg-info' (and everything under it)
[1.150s] Copying ../../../build/turtlebot3_teleop/turtlebot3_teleop.egg-info to /home/rodrigo/turtlebot3_ws/install/turtlebot3_teleop/lib/python3.10/site-packages/turtlebot3_teleop-2.1.5-py3.10.egg-info
[1.150s] running install_scripts
[1.166s] Installing teleop_keyboard script to /home/rodrigo/turtlebot3_ws/install/turtlebot3_teleop/lib/turtlebot3_teleop
[1.166s] writing list of installed files to '/home/rodrigo/turtlebot3_ws/build/turtlebot3_teleop/install.log'
[1.189s] Invoked command in '/home/rodrigo/turtlebot3_ws/src/turtlebot3/turtlebot3_teleop' returned '0': PYTHONPATH=/home/rodrigo/turtlebot3_ws/build/turtlebot3_teleop/prefix_override:/usr/lib/python3/dist-packages/colcon_core/task/python/colcon_distutils_commands:/home/rodrigo/turtlebot3_ws/install/turtlebot3_teleop/lib/python3.10/site-packages:${PYTHONPATH} /usr/bin/python3 -W ignore:setup.py install is deprecated -W ignore:easy_install command is deprecated setup.py egg_info --egg-base ../../../build/turtlebot3_teleop build --build-base /home/rodrigo/turtlebot3_ws/build/turtlebot3_teleop/build install --record /home/rodrigo/turtlebot3_ws/build/turtlebot3_teleop/install.log --single-version-externally-managed install_data
