[0.832s] Invoking command in '/home/rodrigo/turtlebot3_ws/src/turtlebot3_control_ros2': PYTHONPATH=/home/rodrigo/turtlebot3_ws/build/turtlebot3_control_ros2/prefix_override:/usr/lib/python3/dist-packages/colcon_core/task/python/colcon_distutils_commands:/home/rodrigo/turtlebot3_ws/install/turtlebot3_control_ros2/lib/python3.10/site-packages:${PYTHONPATH} /usr/bin/python3 -W ignore:setup.py install is deprecated -W ignore:easy_install command is deprecated setup.py egg_info --egg-base ../../build/turtlebot3_control_ros2 build --build-base /home/rodrigo/turtlebot3_ws/build/turtlebot3_control_ros2/build install --record /home/rodrigo/turtlebot3_ws/build/turtlebot3_control_ros2/install.log --single-version-externally-managed install_data
[1.029s] running egg_info
[1.030s] creating ../../build/turtlebot3_control_ros2/turtlebot3_control_ros2.egg-info
[1.030s] writing ../../build/turtlebot3_control_ros2/turtlebot3_control_ros2.egg-info/PKG-INFO
[1.030s] writing dependency_links to ../../build/turtlebot3_control_ros2/turtlebot3_control_ros2.egg-info/dependency_links.txt
[1.030s] writing entry points to ../../build/turtlebot3_control_ros2/turtlebot3_control_ros2.egg-info/entry_points.txt
[1.030s] writing requirements to ../../build/turtlebot3_control_ros2/turtlebot3_control_ros2.egg-info/requires.txt
[1.030s] writing top-level names to ../../build/turtlebot3_control_ros2/turtlebot3_control_ros2.egg-info/top_level.txt
[1.031s] writing manifest file '../../build/turtlebot3_control_ros2/turtlebot3_control_ros2.egg-info/SOURCES.txt'
[1.033s] reading manifest file '../../build/turtlebot3_control_ros2/turtlebot3_control_ros2.egg-info/SOURCES.txt'
[1.033s] adding license file 'LICENSE'
[1.033s] writing manifest file '../../build/turtlebot3_control_ros2/turtlebot3_control_ros2.egg-info/SOURCES.txt'
[1.034s] running build
[1.034s] running build_py
[1.034s] creating /home/rodrigo/turtlebot3_ws/build/turtlebot3_control_ros2/build
[1.034s] creating /home/rodrigo/turtlebot3_ws/build/turtlebot3_control_ros2/build/lib
[1.034s] creating /home/rodrigo/turtlebot3_ws/build/turtlebot3_control_ros2/build/lib/turtlebot3_control_ros2
[1.034s] copying turtlebot3_control_ros2/__init__.py -> /home/rodrigo/turtlebot3_ws/build/turtlebot3_control_ros2/build/lib/turtlebot3_control_ros2
[1.034s] copying turtlebot3_control_ros2/turtlebot_ctrl.py -> /home/rodrigo/turtlebot3_ws/build/turtlebot3_control_ros2/build/lib/turtlebot3_control_ros2
[1.034s] running install
[1.035s] running install_lib
[1.035s] creating /home/rodrigo/turtlebot3_ws/install/turtlebot3_control_ros2/lib/python3.10/site-packages/turtlebot3_control_ros2
[1.035s] copying /home/rodrigo/turtlebot3_ws/build/turtlebot3_control_ros2/build/lib/turtlebot3_control_ros2/__init__.py -> /home/rodrigo/turtlebot3_ws/install/turtlebot3_control_ros2/lib/python3.10/site-packages/turtlebot3_control_ros2
[1.035s] copying /home/rodrigo/turtlebot3_ws/build/turtlebot3_control_ros2/build/lib/turtlebot3_control_ros2/turtlebot_ctrl.py -> /home/rodrigo/turtlebot3_ws/install/turtlebot3_control_ros2/lib/python3.10/site-packages/turtlebot3_control_ros2
[1.036s] byte-compiling /home/rodrigo/turtlebot3_ws/install/turtlebot3_control_ros2/lib/python3.10/site-packages/turtlebot3_control_ros2/__init__.py to __init__.cpython-310.pyc
[1.036s] byte-compiling /home/rodrigo/turtlebot3_ws/install/turtlebot3_control_ros2/lib/python3.10/site-packages/turtlebot3_control_ros2/turtlebot_ctrl.py to turtlebot_ctrl.cpython-310.pyc
[1.036s] running install_data
[1.036s] creating /home/rodrigo/turtlebot3_ws/install/turtlebot3_control_ros2/share/ament_index
[1.036s] creating /home/rodrigo/turtlebot3_ws/install/turtlebot3_control_ros2/share/ament_index/resource_index
[1.036s] creating /home/rodrigo/turtlebot3_ws/install/turtlebot3_control_ros2/share/ament_index/resource_index/packages
[1.036s] copying resource/turtlebot3_control_ros2 -> /home/rodrigo/turtlebot3_ws/install/turtlebot3_control_ros2/share/ament_index/resource_index/packages
[1.036s] copying package.xml -> /home/rodrigo/turtlebot3_ws/install/turtlebot3_control_ros2/share/turtlebot3_control_ros2
[1.037s] running install_egg_info
[1.038s] Copying ../../build/turtlebot3_control_ros2/turtlebot3_control_ros2.egg-info to /home/rodrigo/turtlebot3_ws/install/turtlebot3_control_ros2/lib/python3.10/site-packages/turtlebot3_control_ros2-0.0.0-py3.10.egg-info
[1.038s] running install_scripts
[1.054s] Installing navigator_node script to /home/rodrigo/turtlebot3_ws/install/turtlebot3_control_ros2/lib/turtlebot3_control_ros2
[1.054s] Installing turtlebot_ctrl script to /home/rodrigo/turtlebot3_ws/install/turtlebot3_control_ros2/lib/turtlebot3_control_ros2
[1.055s] writing list of installed files to '/home/rodrigo/turtlebot3_ws/build/turtlebot3_control_ros2/install.log'
[1.081s] Invoked command in '/home/rodrigo/turtlebot3_ws/src/turtlebot3_control_ros2' returned '0': PYTHONPATH=/home/rodrigo/turtlebot3_ws/build/turtlebot3_control_ros2/prefix_override:/usr/lib/python3/dist-packages/colcon_core/task/python/colcon_distutils_commands:/home/rodrigo/turtlebot3_ws/install/turtlebot3_control_ros2/lib/python3.10/site-packages:${PYTHONPATH} /usr/bin/python3 -W ignore:setup.py install is deprecated -W ignore:easy_install command is deprecated setup.py egg_info --egg-base ../../build/turtlebot3_control_ros2 build --build-base /home/rodrigo/turtlebot3_ws/build/turtlebot3_control_ros2/build install --record /home/rodrigo/turtlebot3_ws/build/turtlebot3_control_ros2/install.log --single-version-externally-managed install_data
