[0.007s] Invoking command in '/home/rodrigo/turtlebot3_ws/build/turtlebot3_bringup': CMAKE_PREFIX_PATH=/home/rodrigo/turtlebot3_ws/install/turtlebot3_node:/home/rodrigo/turtlebot3_ws/install/turtlebot3_description:/home/rodrigo/turtlebot3_ws/install/turtlebot3:/home/rodrigo/turtlebot3_ws/install/turtlebot3_simulations:/home/rodrigo/turtlebot3_ws/install/turtlebot3_bringup:/home/rodrigo/turtlebot3_ws/install/turtlebot3_navigation2:/home/rodrigo/turtlebot3_ws/install/turtlebot3_fake_node:/home/rodrigo/turtlebot3_ws/install/turtlebot3_msgs:/home/rodrigo/turtlebot3_ws/install/turtlebot3_gazebo:/home/rodrigo/turtlebot3_ws/install/turtlebot3_cartographer:/home/rodrigo/turtlebot3_ws/install/turtlebot3_teleop:/home/rodrigo/turtlebot3_ws/install/turtlebot3_example:/home/rodrigo/turtlebot3_ws/install/turtlebot3_control_ros2:/opt/ros/humble /usr/bin/cmake /home/rodrigo/turtlebot3_ws/src/turtlebot3/turtlebot3_bringup -DCMAKE_INSTALL_PREFIX=/home/rodrigo/turtlebot3_ws/install/turtlebot3_bringup
[0.045s] -- The C compiler identification is GNU 13.1.0
[0.085s] -- The CXX compiler identification is GNU 13.1.0
[0.090s] -- Detecting C compiler ABI info
[0.140s] -- Detecting C compiler ABI info - done
[0.147s] -- Check for working C compiler: /usr/bin/cc - skipped
[0.147s] -- Detecting C compile features
[0.147s] -- Detecting C compile features - done
[0.149s] -- Detecting CXX compiler ABI info
[0.204s] -- Detecting CXX compiler ABI info - done
[0.210s] -- Check for working CXX compiler: /usr/bin/c++ - skipped
[0.210s] -- Detecting CXX compile features
[0.210s] -- Detecting CXX compile features - done
[0.213s] -- Found ament_cmake: 1.3.11 (/opt/ros/humble/share/ament_cmake/cmake)
[0.326s] -- Found Python3: /usr/bin/python3 (found version "3.10.12") found components: Interpreter 
[0.448s] -- Configuring done
[0.449s] -- Generating done
[0.450s] -- Build files have been written to: /home/rodrigo/turtlebot3_ws/build/turtlebot3_bringup
[0.453s] Invoked command in '/home/rodrigo/turtlebot3_ws/build/turtlebot3_bringup' returned '0': CMAKE_PREFIX_PATH=/home/rodrigo/turtlebot3_ws/install/turtlebot3_node:/home/rodrigo/turtlebot3_ws/install/turtlebot3_description:/home/rodrigo/turtlebot3_ws/install/turtlebot3:/home/rodrigo/turtlebot3_ws/install/turtlebot3_simulations:/home/rodrigo/turtlebot3_ws/install/turtlebot3_bringup:/home/rodrigo/turtlebot3_ws/install/turtlebot3_navigation2:/home/rodrigo/turtlebot3_ws/install/turtlebot3_fake_node:/home/rodrigo/turtlebot3_ws/install/turtlebot3_msgs:/home/rodrigo/turtlebot3_ws/install/turtlebot3_gazebo:/home/rodrigo/turtlebot3_ws/install/turtlebot3_cartographer:/home/rodrigo/turtlebot3_ws/install/turtlebot3_teleop:/home/rodrigo/turtlebot3_ws/install/turtlebot3_example:/home/rodrigo/turtlebot3_ws/install/turtlebot3_control_ros2:/opt/ros/humble /usr/bin/cmake /home/rodrigo/turtlebot3_ws/src/turtlebot3/turtlebot3_bringup -DCMAKE_INSTALL_PREFIX=/home/rodrigo/turtlebot3_ws/install/turtlebot3_bringup
[0.454s] Invoking command in '/home/rodrigo/turtlebot3_ws/build/turtlebot3_bringup': CMAKE_PREFIX_PATH=/home/rodrigo/turtlebot3_ws/install/turtlebot3_node:/home/rodrigo/turtlebot3_ws/install/turtlebot3_description:/home/rodrigo/turtlebot3_ws/install/turtlebot3:/home/rodrigo/turtlebot3_ws/install/turtlebot3_simulations:/home/rodrigo/turtlebot3_ws/install/turtlebot3_bringup:/home/rodrigo/turtlebot3_ws/install/turtlebot3_navigation2:/home/rodrigo/turtlebot3_ws/install/turtlebot3_fake_node:/home/rodrigo/turtlebot3_ws/install/turtlebot3_msgs:/home/rodrigo/turtlebot3_ws/install/turtlebot3_gazebo:/home/rodrigo/turtlebot3_ws/install/turtlebot3_cartographer:/home/rodrigo/turtlebot3_ws/install/turtlebot3_teleop:/home/rodrigo/turtlebot3_ws/install/turtlebot3_example:/home/rodrigo/turtlebot3_ws/install/turtlebot3_control_ros2:/opt/ros/humble /usr/bin/cmake --build /home/rodrigo/turtlebot3_ws/build/turtlebot3_bringup -- -j12 -l12
[0.478s] Invoked command in '/home/rodrigo/turtlebot3_ws/build/turtlebot3_bringup' returned '0': CMAKE_PREFIX_PATH=/home/rodrigo/turtlebot3_ws/install/turtlebot3_node:/home/rodrigo/turtlebot3_ws/install/turtlebot3_description:/home/rodrigo/turtlebot3_ws/install/turtlebot3:/home/rodrigo/turtlebot3_ws/install/turtlebot3_simulations:/home/rodrigo/turtlebot3_ws/install/turtlebot3_bringup:/home/rodrigo/turtlebot3_ws/install/turtlebot3_navigation2:/home/rodrigo/turtlebot3_ws/install/turtlebot3_fake_node:/home/rodrigo/turtlebot3_ws/install/turtlebot3_msgs:/home/rodrigo/turtlebot3_ws/install/turtlebot3_gazebo:/home/rodrigo/turtlebot3_ws/install/turtlebot3_cartographer:/home/rodrigo/turtlebot3_ws/install/turtlebot3_teleop:/home/rodrigo/turtlebot3_ws/install/turtlebot3_example:/home/rodrigo/turtlebot3_ws/install/turtlebot3_control_ros2:/opt/ros/humble /usr/bin/cmake --build /home/rodrigo/turtlebot3_ws/build/turtlebot3_bringup -- -j12 -l12
[0.479s] Invoking command in '/home/rodrigo/turtlebot3_ws/build/turtlebot3_bringup': CMAKE_PREFIX_PATH=/home/rodrigo/turtlebot3_ws/install/turtlebot3_node:/home/rodrigo/turtlebot3_ws/install/turtlebot3_description:/home/rodrigo/turtlebot3_ws/install/turtlebot3:/home/rodrigo/turtlebot3_ws/install/turtlebot3_simulations:/home/rodrigo/turtlebot3_ws/install/turtlebot3_bringup:/home/rodrigo/turtlebot3_ws/install/turtlebot3_navigation2:/home/rodrigo/turtlebot3_ws/install/turtlebot3_fake_node:/home/rodrigo/turtlebot3_ws/install/turtlebot3_msgs:/home/rodrigo/turtlebot3_ws/install/turtlebot3_gazebo:/home/rodrigo/turtlebot3_ws/install/turtlebot3_cartographer:/home/rodrigo/turtlebot3_ws/install/turtlebot3_teleop:/home/rodrigo/turtlebot3_ws/install/turtlebot3_example:/home/rodrigo/turtlebot3_ws/install/turtlebot3_control_ros2:/opt/ros/humble /usr/bin/cmake --install /home/rodrigo/turtlebot3_ws/build/turtlebot3_bringup
[0.484s] -- Install configuration: ""
[0.484s] -- Installing: /home/rodrigo/turtlebot3_ws/install/turtlebot3_bringup/share/turtlebot3_bringup/launch
[0.485s] -- Installing: /home/rodrigo/turtlebot3_ws/install/turtlebot3_bringup/share/turtlebot3_bringup/launch/turtlebot3_state_publisher.launch.py
[0.485s] -- Installing: /home/rodrigo/turtlebot3_ws/install/turtlebot3_bringup/share/turtlebot3_bringup/launch/robot.launch.py
[0.485s] -- Installing: /home/rodrigo/turtlebot3_ws/install/turtlebot3_bringup/share/turtlebot3_bringup/launch/rviz2.launch.py
[0.485s] -- Installing: /home/rodrigo/turtlebot3_ws/install/turtlebot3_bringup/share/turtlebot3_bringup/param
[0.485s] -- Installing: /home/rodrigo/turtlebot3_ws/install/turtlebot3_bringup/share/turtlebot3_bringup/param/waffle.yaml
[0.485s] -- Installing: /home/rodrigo/turtlebot3_ws/install/turtlebot3_bringup/share/turtlebot3_bringup/param/waffle_pi.yaml
[0.486s] -- Installing: /home/rodrigo/turtlebot3_ws/install/turtlebot3_bringup/share/turtlebot3_bringup/param/burger.yaml
[0.486s] -- Installing: /home/rodrigo/turtlebot3_ws/install/turtlebot3_bringup/share/turtlebot3_bringup/script
[0.486s] -- Installing: /home/rodrigo/turtlebot3_ws/install/turtlebot3_bringup/share/turtlebot3_bringup/script/99-turtlebot3-cdc.rules
[0.486s] -- Installing: /home/rodrigo/turtlebot3_ws/install/turtlebot3_bringup/share/turtlebot3_bringup/script/create_udev_rules
[0.486s] -- Installing: /home/rodrigo/turtlebot3_ws/install/turtlebot3_bringup/share/ament_index/resource_index/package_run_dependencies/turtlebot3_bringup
[0.486s] -- Installing: /home/rodrigo/turtlebot3_ws/install/turtlebot3_bringup/share/ament_index/resource_index/parent_prefix_path/turtlebot3_bringup
[0.487s] -- Installing: /home/rodrigo/turtlebot3_ws/install/turtlebot3_bringup/share/turtlebot3_bringup/environment/ament_prefix_path.sh
[0.487s] -- Installing: /home/rodrigo/turtlebot3_ws/install/turtlebot3_bringup/share/turtlebot3_bringup/environment/ament_prefix_path.dsv
[0.487s] -- Installing: /home/rodrigo/turtlebot3_ws/install/turtlebot3_bringup/share/turtlebot3_bringup/environment/path.sh
[0.487s] -- Installing: /home/rodrigo/turtlebot3_ws/install/turtlebot3_bringup/share/turtlebot3_bringup/environment/path.dsv
[0.487s] -- Installing: /home/rodrigo/turtlebot3_ws/install/turtlebot3_bringup/share/turtlebot3_bringup/local_setup.bash
[0.487s] -- Installing: /home/rodrigo/turtlebot3_ws/install/turtlebot3_bringup/share/turtlebot3_bringup/local_setup.sh
[0.487s] -- Installing: /home/rodrigo/turtlebot3_ws/install/turtlebot3_bringup/share/turtlebot3_bringup/local_setup.zsh
[0.487s] -- Installing: /home/rodrigo/turtlebot3_ws/install/turtlebot3_bringup/share/turtlebot3_bringup/local_setup.dsv
[0.487s] -- Installing: /home/rodrigo/turtlebot3_ws/install/turtlebot3_bringup/share/turtlebot3_bringup/package.dsv
[0.488s] -- Installing: /home/rodrigo/turtlebot3_ws/install/turtlebot3_bringup/share/ament_index/resource_index/packages/turtlebot3_bringup
[0.488s] -- Installing: /home/rodrigo/turtlebot3_ws/install/turtlebot3_bringup/share/turtlebot3_bringup/cmake/turtlebot3_bringupConfig.cmake
[0.488s] -- Installing: /home/rodrigo/turtlebot3_ws/install/turtlebot3_bringup/share/turtlebot3_bringup/cmake/turtlebot3_bringupConfig-version.cmake
[0.488s] -- Installing: /home/rodrigo/turtlebot3_ws/install/turtlebot3_bringup/share/turtlebot3_bringup/package.xml
[0.489s] Invoked command in '/home/rodrigo/turtlebot3_ws/build/turtlebot3_bringup' returned '0': CMAKE_PREFIX_PATH=/home/rodrigo/turtlebot3_ws/install/turtlebot3_node:/home/rodrigo/turtlebot3_ws/install/turtlebot3_description:/home/rodrigo/turtlebot3_ws/install/turtlebot3:/home/rodrigo/turtlebot3_ws/install/turtlebot3_simulations:/home/rodrigo/turtlebot3_ws/install/turtlebot3_bringup:/home/rodrigo/turtlebot3_ws/install/turtlebot3_navigation2:/home/rodrigo/turtlebot3_ws/install/turtlebot3_fake_node:/home/rodrigo/turtlebot3_ws/install/turtlebot3_msgs:/home/rodrigo/turtlebot3_ws/install/turtlebot3_gazebo:/home/rodrigo/turtlebot3_ws/install/turtlebot3_cartographer:/home/rodrigo/turtlebot3_ws/install/turtlebot3_teleop:/home/rodrigo/turtlebot3_ws/install/turtlebot3_example:/home/rodrigo/turtlebot3_ws/install/turtlebot3_control_ros2:/opt/ros/humble /usr/bin/cmake --install /home/rodrigo/turtlebot3_ws/build/turtlebot3_bringup
