[0.042s] Invoking command in '/home/rodrigo/turtlebot3_ws/build/turtlebot3_bringup': AMENT_PREFIX_PATH=/home/rodrigo/turtlebot3_ws/install/turtlebot3_node:/home/rodrigo/turtlebot3_ws/install/turtlebot3_description:${AMENT_PREFIX_PATH} CMAKE_PREFIX_PATH=/home/rodrigo/turtlebot3_ws/install/turtlebot3_node:/home/rodrigo/turtlebot3_ws/install/turtlebot3_description:/opt/ros/humble /usr/bin/cmake --build /home/rodrigo/turtlebot3_ws/build/turtlebot3_bringup -- -j12 -l12
[0.071s] Invoked command in '/home/rodrigo/turtlebot3_ws/build/turtlebot3_bringup' returned '0': AMENT_PREFIX_PATH=/home/rodrigo/turtlebot3_ws/install/turtlebot3_node:/home/rodrigo/turtlebot3_ws/install/turtlebot3_description:${AMENT_PREFIX_PATH} CMAKE_PREFIX_PATH=/home/rodrigo/turtlebot3_ws/install/turtlebot3_node:/home/rodrigo/turtlebot3_ws/install/turtlebot3_description:/opt/ros/humble /usr/bin/cmake --build /home/rodrigo/turtlebot3_ws/build/turtlebot3_bringup -- -j12 -l12
[0.073s] Invoking command in '/home/rodrigo/turtlebot3_ws/build/turtlebot3_bringup': AMENT_PREFIX_PATH=/home/rodrigo/turtlebot3_ws/install/turtlebot3_node:/home/rodrigo/turtlebot3_ws/install/turtlebot3_description:${AMENT_PREFIX_PATH} CMAKE_PREFIX_PATH=/home/rodrigo/turtlebot3_ws/install/turtlebot3_node:/home/rodrigo/turtlebot3_ws/install/turtlebot3_description:/opt/ros/humble /usr/bin/cmake --install /home/rodrigo/turtlebot3_ws/build/turtlebot3_bringup
[0.079s] -- Install configuration: ""
[0.079s] -- Up-to-date: /home/rodrigo/turtlebot3_ws/install/turtlebot3_bringup/share/turtlebot3_bringup/launch
[0.079s] -- Up-to-date: /home/rodrigo/turtlebot3_ws/install/turtlebot3_bringup/share/turtlebot3_bringup/launch/turtlebot3_state_publisher.launch.py
[0.079s] -- Up-to-date: /home/rodrigo/turtlebot3_ws/install/turtlebot3_bringup/share/turtlebot3_bringup/launch/robot.launch.py
[0.080s] -- Up-to-date: /home/rodrigo/turtlebot3_ws/install/turtlebot3_bringup/share/turtlebot3_bringup/launch/rviz2.launch.py
[0.080s] -- Up-to-date: /home/rodrigo/turtlebot3_ws/install/turtlebot3_bringup/share/turtlebot3_bringup/param
[0.080s] -- Up-to-date: /home/rodrigo/turtlebot3_ws/install/turtlebot3_bringup/share/turtlebot3_bringup/param/waffle.yaml
[0.080s] -- Up-to-date: /home/rodrigo/turtlebot3_ws/install/turtlebot3_bringup/share/turtlebot3_bringup/param/waffle_pi.yaml
[0.080s] -- Up-to-date: /home/rodrigo/turtlebot3_ws/install/turtlebot3_bringup/share/turtlebot3_bringup/param/burger.yaml
[0.080s] -- Up-to-date: /home/rodrigo/turtlebot3_ws/install/turtlebot3_bringup/share/turtlebot3_bringup/script
[0.080s] -- Up-to-date: /home/rodrigo/turtlebot3_ws/install/turtlebot3_bringup/share/turtlebot3_bringup/script/99-turtlebot3-cdc.rules
[0.080s] -- Up-to-date: /home/rodrigo/turtlebot3_ws/install/turtlebot3_bringup/share/turtlebot3_bringup/script/create_udev_rules
[0.080s] -- Up-to-date: /home/rodrigo/turtlebot3_ws/install/turtlebot3_bringup/share/ament_index/resource_index/package_run_dependencies/turtlebot3_bringup
[0.080s] -- Up-to-date: /home/rodrigo/turtlebot3_ws/install/turtlebot3_bringup/share/ament_index/resource_index/parent_prefix_path/turtlebot3_bringup
[0.081s] -- Up-to-date: /home/rodrigo/turtlebot3_ws/install/turtlebot3_bringup/share/turtlebot3_bringup/environment/ament_prefix_path.sh
[0.081s] -- Up-to-date: /home/rodrigo/turtlebot3_ws/install/turtlebot3_bringup/share/turtlebot3_bringup/environment/ament_prefix_path.dsv
[0.081s] -- Up-to-date: /home/rodrigo/turtlebot3_ws/install/turtlebot3_bringup/share/turtlebot3_bringup/environment/path.sh
[0.081s] -- Up-to-date: /home/rodrigo/turtlebot3_ws/install/turtlebot3_bringup/share/turtlebot3_bringup/environment/path.dsv
[0.081s] -- Up-to-date: /home/rodrigo/turtlebot3_ws/install/turtlebot3_bringup/share/turtlebot3_bringup/local_setup.bash
[0.082s] -- Up-to-date: /home/rodrigo/turtlebot3_ws/install/turtlebot3_bringup/share/turtlebot3_bringup/local_setup.sh
[0.082s] -- Up-to-date: /home/rodrigo/turtlebot3_ws/install/turtlebot3_bringup/share/turtlebot3_bringup/local_setup.zsh
[0.082s] -- Up-to-date: /home/rodrigo/turtlebot3_ws/install/turtlebot3_bringup/share/turtlebot3_bringup/local_setup.dsv
[0.082s] -- Installing: /home/rodrigo/turtlebot3_ws/install/turtlebot3_bringup/share/turtlebot3_bringup/package.dsv
[0.082s] -- Up-to-date: /home/rodrigo/turtlebot3_ws/install/turtlebot3_bringup/share/ament_index/resource_index/packages/turtlebot3_bringup
[0.082s] -- Up-to-date: /home/rodrigo/turtlebot3_ws/install/turtlebot3_bringup/share/turtlebot3_bringup/cmake/turtlebot3_bringupConfig.cmake
[0.082s] -- Up-to-date: /home/rodrigo/turtlebot3_ws/install/turtlebot3_bringup/share/turtlebot3_bringup/cmake/turtlebot3_bringupConfig-version.cmake
[0.082s] -- Up-to-date: /home/rodrigo/turtlebot3_ws/install/turtlebot3_bringup/share/turtlebot3_bringup/package.xml
[0.084s] Invoked command in '/home/rodrigo/turtlebot3_ws/build/turtlebot3_bringup' returned '0': AMENT_PREFIX_PATH=/home/rodrigo/turtlebot3_ws/install/turtlebot3_node:/home/rodrigo/turtlebot3_ws/install/turtlebot3_description:${AMENT_PREFIX_PATH} CMAKE_PREFIX_PATH=/home/rodrigo/turtlebot3_ws/install/turtlebot3_node:/home/rodrigo/turtlebot3_ws/install/turtlebot3_description:/opt/ros/humble /usr/bin/cmake --install /home/rodrigo/turtlebot3_ws/build/turtlebot3_bringup
