[1.130s] Invoking command in '/home/rodrigo/turtlebot3_ws/src/turtlebot3/turtlebot3_teleop': PYTHONPATH=/home/rodrigo/turtlebot3_ws/build/turtlebot3_teleop/prefix_override:/usr/lib/python3/dist-packages/colcon_core/task/python/colcon_distutils_commands:/home/rodrigo/turtlebot3_ws/install/turtlebot3_teleop/lib/python3.10/site-packages:${PYTHONPATH} /usr/bin/python3 -W ignore:setup.py install is deprecated -W ignore:easy_install command is deprecated setup.py egg_info --egg-base ../../../build/turtlebot3_teleop build --build-base /home/rodrigo/turtlebot3_ws/build/turtlebot3_teleop/build install --record /home/rodrigo/turtlebot3_ws/build/turtlebot3_teleop/install.log --single-version-externally-managed install_data
[1.371s] running egg_info
[1.372s] creating ../../../build/turtlebot3_teleop/turtlebot3_teleop.egg-info
[1.372s] writing ../../../build/turtlebot3_teleop/turtlebot3_teleop.egg-info/PKG-INFO
[1.372s] writing dependency_links to ../../../build/turtlebot3_teleop/turtlebot3_teleop.egg-info/dependency_links.txt
[1.372s] writing entry points to ../../../build/turtlebot3_teleop/turtlebot3_teleop.egg-info/entry_points.txt
[1.372s] writing requirements to ../../../build/turtlebot3_teleop/turtlebot3_teleop.egg-info/requires.txt
[1.372s] writing top-level names to ../../../build/turtlebot3_teleop/turtlebot3_teleop.egg-info/top_level.txt
[1.373s] writing manifest file '../../../build/turtlebot3_teleop/turtlebot3_teleop.egg-info/SOURCES.txt'
[1.377s] reading manifest file '../../../build/turtlebot3_teleop/turtlebot3_teleop.egg-info/SOURCES.txt'
[1.378s] writing manifest file '../../../build/turtlebot3_teleop/turtlebot3_teleop.egg-info/SOURCES.txt'
[1.378s] running build
[1.378s] running build_py
[1.378s] creating /home/rodrigo/turtlebot3_ws/build/turtlebot3_teleop/build
[1.379s] creating /home/rodrigo/turtlebot3_ws/build/turtlebot3_teleop/build/lib
[1.379s] creating /home/rodrigo/turtlebot3_ws/build/turtlebot3_teleop/build/lib/turtlebot3_teleop
[1.379s] copying turtlebot3_teleop/__init__.py -> /home/rodrigo/turtlebot3_ws/build/turtlebot3_teleop/build/lib/turtlebot3_teleop
[1.379s] creating /home/rodrigo/turtlebot3_ws/build/turtlebot3_teleop/build/lib/turtlebot3_teleop/script
[1.379s] copying turtlebot3_teleop/script/__init__.py -> /home/rodrigo/turtlebot3_ws/build/turtlebot3_teleop/build/lib/turtlebot3_teleop/script
[1.379s] copying turtlebot3_teleop/script/teleop_keyboard.py -> /home/rodrigo/turtlebot3_ws/build/turtlebot3_teleop/build/lib/turtlebot3_teleop/script
[1.379s] running install
[1.380s] running install_lib
[1.382s] creating /home/rodrigo/turtlebot3_ws/install/turtlebot3_teleop/lib/python3.10/site-packages/turtlebot3_teleop
[1.382s] creating /home/rodrigo/turtlebot3_ws/install/turtlebot3_teleop/lib/python3.10/site-packages/turtlebot3_teleop/script
[1.383s] copying /home/rodrigo/turtlebot3_ws/build/turtlebot3_teleop/build/lib/turtlebot3_teleop/script/__init__.py -> /home/rodrigo/turtlebot3_ws/install/turtlebot3_teleop/lib/python3.10/site-packages/turtlebot3_teleop/script
[1.383s] copying /home/rodrigo/turtlebot3_ws/build/turtlebot3_teleop/build/lib/turtlebot3_teleop/script/teleop_keyboard.py -> /home/rodrigo/turtlebot3_ws/install/turtlebot3_teleop/lib/python3.10/site-packages/turtlebot3_teleop/script
[1.383s] copying /home/rodrigo/turtlebot3_ws/build/turtlebot3_teleop/build/lib/turtlebot3_teleop/__init__.py -> /home/rodrigo/turtlebot3_ws/install/turtlebot3_teleop/lib/python3.10/site-packages/turtlebot3_teleop
[1.383s] byte-compiling /home/rodrigo/turtlebot3_ws/install/turtlebot3_teleop/lib/python3.10/site-packages/turtlebot3_teleop/script/__init__.py to __init__.cpython-310.pyc
[1.384s] byte-compiling /home/rodrigo/turtlebot3_ws/install/turtlebot3_teleop/lib/python3.10/site-packages/turtlebot3_teleop/script/teleop_keyboard.py to teleop_keyboard.cpython-310.pyc
[1.386s] byte-compiling /home/rodrigo/turtlebot3_ws/install/turtlebot3_teleop/lib/python3.10/site-packages/turtlebot3_teleop/__init__.py to __init__.cpython-310.pyc
[1.386s] running install_data
[1.386s] creating /home/rodrigo/turtlebot3_ws/install/turtlebot3_teleop/share/ament_index
[1.386s] creating /home/rodrigo/turtlebot3_ws/install/turtlebot3_teleop/share/ament_index/resource_index
[1.386s] creating /home/rodrigo/turtlebot3_ws/install/turtlebot3_teleop/share/ament_index/resource_index/packages
[1.387s] copying resource/turtlebot3_teleop -> /home/rodrigo/turtlebot3_ws/install/turtlebot3_teleop/share/ament_index/resource_index/packages
[1.387s] copying package.xml -> /home/rodrigo/turtlebot3_ws/install/turtlebot3_teleop/share/turtlebot3_teleop
[1.387s] running install_egg_info
[1.390s] Copying ../../../build/turtlebot3_teleop/turtlebot3_teleop.egg-info to /home/rodrigo/turtlebot3_ws/install/turtlebot3_teleop/lib/python3.10/site-packages/turtlebot3_teleop-2.1.5-py3.10.egg-info
[1.391s] running install_scripts
[1.424s] Installing teleop_keyboard script to /home/rodrigo/turtlebot3_ws/install/turtlebot3_teleop/lib/turtlebot3_teleop
[1.424s] writing list of installed files to '/home/rodrigo/turtlebot3_ws/build/turtlebot3_teleop/install.log'
[1.491s] Invoked command in '/home/rodrigo/turtlebot3_ws/src/turtlebot3/turtlebot3_teleop' returned '0': PYTHONPATH=/home/rodrigo/turtlebot3_ws/build/turtlebot3_teleop/prefix_override:/usr/lib/python3/dist-packages/colcon_core/task/python/colcon_distutils_commands:/home/rodrigo/turtlebot3_ws/install/turtlebot3_teleop/lib/python3.10/site-packages:${PYTHONPATH} /usr/bin/python3 -W ignore:setup.py install is deprecated -W ignore:easy_install command is deprecated setup.py egg_info --egg-base ../../../build/turtlebot3_teleop build --build-base /home/rodrigo/turtlebot3_ws/build/turtlebot3_teleop/build install --record /home/rodrigo/turtlebot3_ws/build/turtlebot3_teleop/install.log --single-version-externally-managed install_data
