[0.901s] Invoking command in '/home/rodrigo/turtlebot3_ws/src/turtlebot3/turtlebot3_example': PYTHONPATH=/home/rodrigo/turtlebot3_ws/build/turtlebot3_example/prefix_override:/usr/lib/python3/dist-packages/colcon_core/task/python/colcon_distutils_commands:/home/rodrigo/turtlebot3_ws/install/turtlebot3_example/lib/python3.10/site-packages:${PYTHONPATH} /usr/bin/python3 -W ignore:setup.py install is deprecated -W ignore:easy_install command is deprecated setup.py egg_info --egg-base ../../../build/turtlebot3_example build --build-base /home/rodrigo/turtlebot3_ws/build/turtlebot3_example/build install --record /home/rodrigo/turtlebot3_ws/build/turtlebot3_example/install.log --single-version-externally-managed install_data
[1.118s] running egg_info
[1.121s] writing ../../../build/turtlebot3_example/turtlebot3_example.egg-info/PKG-INFO
[1.122s] writing dependency_links to ../../../build/turtlebot3_example/turtlebot3_example.egg-info/dependency_links.txt
[1.122s] writing entry points to ../../../build/turtlebot3_example/turtlebot3_example.egg-info/entry_points.txt
[1.122s] writing requirements to ../../../build/turtlebot3_example/turtlebot3_example.egg-info/requires.txt
[1.122s] writing top-level names to ../../../build/turtlebot3_example/turtlebot3_example.egg-info/top_level.txt
[1.124s] reading manifest file '../../../build/turtlebot3_example/turtlebot3_example.egg-info/SOURCES.txt'
[1.125s] writing manifest file '../../../build/turtlebot3_example/turtlebot3_example.egg-info/SOURCES.txt'
[1.125s] running build
[1.125s] running build_py
[1.126s] running install
[1.127s] running install_lib
[1.128s] running install_data
[1.128s] running install_egg_info
[1.130s] removing '/home/rodrigo/turtlebot3_ws/install/turtlebot3_example/lib/python3.10/site-packages/turtlebot3_example-2.1.5-py3.10.egg-info' (and everything under it)
[1.130s] Copying ../../../build/turtlebot3_example/turtlebot3_example.egg-info to /home/rodrigo/turtlebot3_ws/install/turtlebot3_example/lib/python3.10/site-packages/turtlebot3_example-2.1.5-py3.10.egg-info
[1.131s] running install_scripts
[1.150s] Installing turtlebot3_obstacle_detection script to /home/rodrigo/turtlebot3_ws/install/turtlebot3_example/lib/turtlebot3_example
[1.150s] Installing turtlebot3_patrol_client script to /home/rodrigo/turtlebot3_ws/install/turtlebot3_example/lib/turtlebot3_example
[1.151s] Installing turtlebot3_patrol_server script to /home/rodrigo/turtlebot3_ws/install/turtlebot3_example/lib/turtlebot3_example
[1.151s] Installing turtlebot3_position_control script to /home/rodrigo/turtlebot3_ws/install/turtlebot3_example/lib/turtlebot3_example
[1.151s] writing list of installed files to '/home/rodrigo/turtlebot3_ws/build/turtlebot3_example/install.log'
[1.175s] Invoked command in '/home/rodrigo/turtlebot3_ws/src/turtlebot3/turtlebot3_example' returned '0': PYTHONPATH=/home/rodrigo/turtlebot3_ws/build/turtlebot3_example/prefix_override:/usr/lib/python3/dist-packages/colcon_core/task/python/colcon_distutils_commands:/home/rodrigo/turtlebot3_ws/install/turtlebot3_example/lib/python3.10/site-packages:${PYTHONPATH} /usr/bin/python3 -W ignore:setup.py install is deprecated -W ignore:easy_install command is deprecated setup.py egg_info --egg-base ../../../build/turtlebot3_example build --build-base /home/rodrigo/turtlebot3_ws/build/turtlebot3_example/build install --record /home/rodrigo/turtlebot3_ws/build/turtlebot3_example/install.log --single-version-externally-managed install_data
