running egg_info
writing ../../build/turtlebot3_control_ros2/turtlebot3_control_ros2.egg-info/PKG-INFO
writing dependency_links to ../../build/turtlebot3_control_ros2/turtlebot3_control_ros2.egg-info/dependency_links.txt
writing entry points to ../../build/turtlebot3_control_ros2/turtlebot3_control_ros2.egg-info/entry_points.txt
writing requirements to ../../build/turtlebot3_control_ros2/turtlebot3_control_ros2.egg-info/requires.txt
writing top-level names to ../../build/turtlebot3_control_ros2/turtlebot3_control_ros2.egg-info/top_level.txt
reading manifest file '../../build/turtlebot3_control_ros2/turtlebot3_control_ros2.egg-info/SOURCES.txt'
adding license file 'LICENSE'
writing manifest file '../../build/turtlebot3_control_ros2/turtlebot3_control_ros2.egg-info/SOURCES.txt'
running build
running build_py
copying turtlebot3_control_ros2/navigator_node.py -> /home/rodrigo/turtlebot3_ws/build/turtlebot3_control_ros2/build/lib/turtlebot3_control_ros2
running install
running install_lib
copying /home/rodrigo/turtlebot3_ws/build/turtlebot3_control_ros2/build/lib/turtlebot3_control_ros2/navigator_node.py -> /home/rodrigo/turtlebot3_ws/install/turtlebot3_control_ros2/lib/python3.10/site-packages/turtlebot3_control_ros2
byte-compiling /home/rodrigo/turtlebot3_ws/install/turtlebot3_control_ros2/lib/python3.10/site-packages/turtlebot3_control_ros2/navigator_node.py to navigator_node.cpython-310.pyc
running install_data
running install_egg_info
removing '/home/rodrigo/turtlebot3_ws/install/turtlebot3_control_ros2/lib/python3.10/site-packages/turtlebot3_control_ros2-0.0.0-py3.10.egg-info' (and everything under it)
Copying ../../build/turtlebot3_control_ros2/turtlebot3_control_ros2.egg-info to /home/rodrigo/turtlebot3_ws/install/turtlebot3_control_ros2/lib/python3.10/site-packages/turtlebot3_control_ros2-0.0.0-py3.10.egg-info
running install_scripts
Installing navigator_node script to /home/rodrigo/turtlebot3_ws/install/turtlebot3_control_ros2/lib/turtlebot3_control_ros2
Installing turtlebot_ctrl script to /home/rodrigo/turtlebot3_ws/install/turtlebot3_control_ros2/lib/turtlebot3_control_ros2
writing list of installed files to '/home/rodrigo/turtlebot3_ws/build/turtlebot3_control_ros2/install.log'
