[0.029s] Invoking command in '/home/rodrigo/turtlebot3_ws/build/turtlebot3_cartographer': CMAKE_PREFIX_PATH=/opt/ros/humble /usr/bin/cmake --build /home/rodrigo/turtlebot3_ws/build/turtlebot3_cartographer -- -j12 -l12
[0.540s] Invoked command in '/home/rodrigo/turtlebot3_ws/build/turtlebot3_cartographer' returned '0': CMAKE_PREFIX_PATH=/opt/ros/humble /usr/bin/cmake --build /home/rodrigo/turtlebot3_ws/build/turtlebot3_cartographer -- -j12 -l12
[0.541s] Invoking command in '/home/rodrigo/turtlebot3_ws/build/turtlebot3_cartographer': CMAKE_PREFIX_PATH=/opt/ros/humble /usr/bin/cmake --install /home/rodrigo/turtlebot3_ws/build/turtlebot3_cartographer
[0.559s] -- Install configuration: ""
[0.560s] -- Up-to-date: /home/rodrigo/turtlebot3_ws/install/turtlebot3_cartographer/share/turtlebot3_cartographer/config
[0.560s] -- Up-to-date: /home/rodrigo/turtlebot3_ws/install/turtlebot3_cartographer/share/turtlebot3_cartographer/config/turtlebot3_lds_2d.lua
[0.560s] -- Up-to-date: /home/rodrigo/turtlebot3_ws/install/turtlebot3_cartographer/share/turtlebot3_cartographer/launch
[0.560s] -- Up-to-date: /home/rodrigo/turtlebot3_ws/install/turtlebot3_cartographer/share/turtlebot3_cartographer/launch/cartographer.launch.py
[0.560s] -- Up-to-date: /home/rodrigo/turtlebot3_ws/install/turtlebot3_cartographer/share/turtlebot3_cartographer/launch/occupancy_grid.launch.py
[0.560s] -- Up-to-date: /home/rodrigo/turtlebot3_ws/install/turtlebot3_cartographer/share/turtlebot3_cartographer/rviz
[0.560s] -- Up-to-date: /home/rodrigo/turtlebot3_ws/install/turtlebot3_cartographer/share/turtlebot3_cartographer/rviz/tb3_cartographer.rviz
[0.561s] -- Up-to-date: /home/rodrigo/turtlebot3_ws/install/turtlebot3_cartographer/share/ament_index/resource_index/package_run_dependencies/turtlebot3_cartographer
[0.561s] -- Up-to-date: /home/rodrigo/turtlebot3_ws/install/turtlebot3_cartographer/share/ament_index/resource_index/parent_prefix_path/turtlebot3_cartographer
[0.561s] -- Up-to-date: /home/rodrigo/turtlebot3_ws/install/turtlebot3_cartographer/share/turtlebot3_cartographer/environment/ament_prefix_path.sh
[0.561s] -- Up-to-date: /home/rodrigo/turtlebot3_ws/install/turtlebot3_cartographer/share/turtlebot3_cartographer/environment/ament_prefix_path.dsv
[0.561s] -- Up-to-date: /home/rodrigo/turtlebot3_ws/install/turtlebot3_cartographer/share/turtlebot3_cartographer/environment/path.sh
[0.561s] -- Up-to-date: /home/rodrigo/turtlebot3_ws/install/turtlebot3_cartographer/share/turtlebot3_cartographer/environment/path.dsv
[0.561s] -- Up-to-date: /home/rodrigo/turtlebot3_ws/install/turtlebot3_cartographer/share/turtlebot3_cartographer/local_setup.bash
[0.561s] -- Up-to-date: /home/rodrigo/turtlebot3_ws/install/turtlebot3_cartographer/share/turtlebot3_cartographer/local_setup.sh
[0.561s] -- Up-to-date: /home/rodrigo/turtlebot3_ws/install/turtlebot3_cartographer/share/turtlebot3_cartographer/local_setup.zsh
[0.562s] -- Up-to-date: /home/rodrigo/turtlebot3_ws/install/turtlebot3_cartographer/share/turtlebot3_cartographer/local_setup.dsv
[0.562s] -- Installing: /home/rodrigo/turtlebot3_ws/install/turtlebot3_cartographer/share/turtlebot3_cartographer/package.dsv
[0.562s] -- Up-to-date: /home/rodrigo/turtlebot3_ws/install/turtlebot3_cartographer/share/ament_index/resource_index/packages/turtlebot3_cartographer
[0.562s] -- Up-to-date: /home/rodrigo/turtlebot3_ws/install/turtlebot3_cartographer/share/turtlebot3_cartographer/cmake/turtlebot3_cartographerConfig.cmake
[0.562s] -- Up-to-date: /home/rodrigo/turtlebot3_ws/install/turtlebot3_cartographer/share/turtlebot3_cartographer/cmake/turtlebot3_cartographerConfig-version.cmake
[0.562s] -- Up-to-date: /home/rodrigo/turtlebot3_ws/install/turtlebot3_cartographer/share/turtlebot3_cartographer/package.xml
[0.601s] Invoked command in '/home/rodrigo/turtlebot3_ws/build/turtlebot3_cartographer' returned '0': CMAKE_PREFIX_PATH=/opt/ros/humble /usr/bin/cmake --install /home/rodrigo/turtlebot3_ws/build/turtlebot3_cartographer
