[1.071s] Invoking command in '/home/rodrigo/turtlebot3_ws/src/turtlebot3_control_ros2': PYTHONPATH=/home/rodrigo/turtlebot3_ws/build/turtlebot3_control_ros2/prefix_override:/usr/lib/python3/dist-packages/colcon_core/task/python/colcon_distutils_commands:/home/rodrigo/turtlebot3_ws/install/turtlebot3_control_ros2/lib/python3.10/site-packages:${PYTHONPATH} /usr/bin/python3 -W ignore:setup.py install is deprecated -W ignore:easy_install command is deprecated setup.py egg_info --egg-base ../../build/turtlebot3_control_ros2 build --build-base /home/rodrigo/turtlebot3_ws/build/turtlebot3_control_ros2/build install --record /home/rodrigo/turtlebot3_ws/build/turtlebot3_control_ros2/install.log --single-version-externally-managed install_data
[1.354s] running egg_info
[1.354s] writing ../../build/turtlebot3_control_ros2/turtlebot3_control_ros2.egg-info/PKG-INFO
[1.355s] writing dependency_links to ../../build/turtlebot3_control_ros2/turtlebot3_control_ros2.egg-info/dependency_links.txt
[1.355s] writing entry points to ../../build/turtlebot3_control_ros2/turtlebot3_control_ros2.egg-info/entry_points.txt
[1.355s] writing requirements to ../../build/turtlebot3_control_ros2/turtlebot3_control_ros2.egg-info/requires.txt
[1.355s] writing top-level names to ../../build/turtlebot3_control_ros2/turtlebot3_control_ros2.egg-info/top_level.txt
[1.356s] reading manifest file '../../build/turtlebot3_control_ros2/turtlebot3_control_ros2.egg-info/SOURCES.txt'
[1.356s] adding license file 'LICENSE'
[1.357s] writing manifest file '../../build/turtlebot3_control_ros2/turtlebot3_control_ros2.egg-info/SOURCES.txt'
[1.357s] running build
[1.357s] running build_py
[1.357s] running install
[1.358s] running install_lib
[1.359s] running install_data
[1.359s] running install_egg_info
[1.364s] removing '/home/rodrigo/turtlebot3_ws/install/turtlebot3_control_ros2/lib/python3.10/site-packages/turtlebot3_control_ros2-0.0.0-py3.10.egg-info' (and everything under it)
[1.364s] Copying ../../build/turtlebot3_control_ros2/turtlebot3_control_ros2.egg-info to /home/rodrigo/turtlebot3_ws/install/turtlebot3_control_ros2/lib/python3.10/site-packages/turtlebot3_control_ros2-0.0.0-py3.10.egg-info
[1.365s] running install_scripts
[1.385s] Installing navigator_node script to /home/rodrigo/turtlebot3_ws/install/turtlebot3_control_ros2/lib/turtlebot3_control_ros2
[1.385s] Installing turtlebot_ctrl script to /home/rodrigo/turtlebot3_ws/install/turtlebot3_control_ros2/lib/turtlebot3_control_ros2
[1.385s] writing list of installed files to '/home/rodrigo/turtlebot3_ws/build/turtlebot3_control_ros2/install.log'
[1.429s] Invoked command in '/home/rodrigo/turtlebot3_ws/src/turtlebot3_control_ros2' returned '0': PYTHONPATH=/home/rodrigo/turtlebot3_ws/build/turtlebot3_control_ros2/prefix_override:/usr/lib/python3/dist-packages/colcon_core/task/python/colcon_distutils_commands:/home/rodrigo/turtlebot3_ws/install/turtlebot3_control_ros2/lib/python3.10/site-packages:${PYTHONPATH} /usr/bin/python3 -W ignore:setup.py install is deprecated -W ignore:easy_install command is deprecated setup.py egg_info --egg-base ../../build/turtlebot3_control_ros2 build --build-base /home/rodrigo/turtlebot3_ws/build/turtlebot3_control_ros2/build install --record /home/rodrigo/turtlebot3_ws/build/turtlebot3_control_ros2/install.log --single-version-externally-managed install_data
