[0.011s] Invoking command in '/home/rodrigo/turtlebot3_ws/build/turtlebot3_bringup': CMAKE_PREFIX_PATH=/home/rodrigo/turtlebot3_ws/install/turtlebot3_node:/home/rodrigo/turtlebot3_ws/install/turtlebot3_msgs:/home/rodrigo/turtlebot3_ws/install/turtlebot3_description:/home/rodrigo/turtlebot3_ws/install/turtlebot3:/home/rodrigo/turtlebot3_ws/install/turtlebot3_simulations:/home/rodrigo/turtlebot3_ws/install/turtlebot3_bringup:/home/rodrigo/turtlebot3_ws/install/turtlebot3_navigation2:/home/rodrigo/turtlebot3_ws/install/turtlebot3_fake_node:/home/rodrigo/turtlebot3_ws/install/turtlebot3_gazebo:/home/rodrigo/turtlebot3_ws/install/turtlebot3_cartographer:/home/rodrigo/turtlebot3_ws/install/turtlebot3_teleop:/home/rodrigo/turtlebot3_ws/install/turtlebot3_example:/home/rodrigo/turtlebot3_ws/install/turtlebot3_control_ros2:/opt/ros/humble /usr/bin/cmake --build /home/rodrigo/turtlebot3_ws/build/turtlebot3_bringup -- -j12 -l12
[0.048s] Invoked command in '/home/rodrigo/turtlebot3_ws/build/turtlebot3_bringup' returned '0': CMAKE_PREFIX_PATH=/home/rodrigo/turtlebot3_ws/install/turtlebot3_node:/home/rodrigo/turtlebot3_ws/install/turtlebot3_msgs:/home/rodrigo/turtlebot3_ws/install/turtlebot3_description:/home/rodrigo/turtlebot3_ws/install/turtlebot3:/home/rodrigo/turtlebot3_ws/install/turtlebot3_simulations:/home/rodrigo/turtlebot3_ws/install/turtlebot3_bringup:/home/rodrigo/turtlebot3_ws/install/turtlebot3_navigation2:/home/rodrigo/turtlebot3_ws/install/turtlebot3_fake_node:/home/rodrigo/turtlebot3_ws/install/turtlebot3_gazebo:/home/rodrigo/turtlebot3_ws/install/turtlebot3_cartographer:/home/rodrigo/turtlebot3_ws/install/turtlebot3_teleop:/home/rodrigo/turtlebot3_ws/install/turtlebot3_example:/home/rodrigo/turtlebot3_ws/install/turtlebot3_control_ros2:/opt/ros/humble /usr/bin/cmake --build /home/rodrigo/turtlebot3_ws/build/turtlebot3_bringup -- -j12 -l12
[0.049s] Invoking command in '/home/rodrigo/turtlebot3_ws/build/turtlebot3_bringup': CMAKE_PREFIX_PATH=/home/rodrigo/turtlebot3_ws/install/turtlebot3_node:/home/rodrigo/turtlebot3_ws/install/turtlebot3_msgs:/home/rodrigo/turtlebot3_ws/install/turtlebot3_description:/home/rodrigo/turtlebot3_ws/install/turtlebot3:/home/rodrigo/turtlebot3_ws/install/turtlebot3_simulations:/home/rodrigo/turtlebot3_ws/install/turtlebot3_bringup:/home/rodrigo/turtlebot3_ws/install/turtlebot3_navigation2:/home/rodrigo/turtlebot3_ws/install/turtlebot3_fake_node:/home/rodrigo/turtlebot3_ws/install/turtlebot3_gazebo:/home/rodrigo/turtlebot3_ws/install/turtlebot3_cartographer:/home/rodrigo/turtlebot3_ws/install/turtlebot3_teleop:/home/rodrigo/turtlebot3_ws/install/turtlebot3_example:/home/rodrigo/turtlebot3_ws/install/turtlebot3_control_ros2:/opt/ros/humble /usr/bin/cmake --install /home/rodrigo/turtlebot3_ws/build/turtlebot3_bringup
[0.059s] -- Install configuration: ""
[0.060s] -- Up-to-date: /home/rodrigo/turtlebot3_ws/install/turtlebot3_bringup/share/turtlebot3_bringup/launch
[0.060s] -- Up-to-date: /home/rodrigo/turtlebot3_ws/install/turtlebot3_bringup/share/turtlebot3_bringup/launch/turtlebot3_state_publisher.launch.py
[0.060s] -- Up-to-date: /home/rodrigo/turtlebot3_ws/install/turtlebot3_bringup/share/turtlebot3_bringup/launch/robot.launch.py
[0.060s] -- Up-to-date: /home/rodrigo/turtlebot3_ws/install/turtlebot3_bringup/share/turtlebot3_bringup/launch/rviz2.launch.py
[0.060s] -- Up-to-date: /home/rodrigo/turtlebot3_ws/install/turtlebot3_bringup/share/turtlebot3_bringup/param
[0.060s] -- Up-to-date: /home/rodrigo/turtlebot3_ws/install/turtlebot3_bringup/share/turtlebot3_bringup/param/waffle.yaml
[0.060s] -- Up-to-date: /home/rodrigo/turtlebot3_ws/install/turtlebot3_bringup/share/turtlebot3_bringup/param/waffle_pi.yaml
[0.060s] -- Up-to-date: /home/rodrigo/turtlebot3_ws/install/turtlebot3_bringup/share/turtlebot3_bringup/param/burger.yaml
[0.060s] -- Up-to-date: /home/rodrigo/turtlebot3_ws/install/turtlebot3_bringup/share/turtlebot3_bringup/script
[0.060s] -- Up-to-date: /home/rodrigo/turtlebot3_ws/install/turtlebot3_bringup/share/turtlebot3_bringup/script/99-turtlebot3-cdc.rules
[0.060s] -- Up-to-date: /home/rodrigo/turtlebot3_ws/install/turtlebot3_bringup/share/turtlebot3_bringup/script/create_udev_rules
[0.060s] -- Up-to-date: /home/rodrigo/turtlebot3_ws/install/turtlebot3_bringup/share/ament_index/resource_index/package_run_dependencies/turtlebot3_bringup
[0.060s] -- Up-to-date: /home/rodrigo/turtlebot3_ws/install/turtlebot3_bringup/share/ament_index/resource_index/parent_prefix_path/turtlebot3_bringup
[0.060s] -- Up-to-date: /home/rodrigo/turtlebot3_ws/install/turtlebot3_bringup/share/turtlebot3_bringup/environment/ament_prefix_path.sh
[0.061s] -- Up-to-date: /home/rodrigo/turtlebot3_ws/install/turtlebot3_bringup/share/turtlebot3_bringup/environment/ament_prefix_path.dsv
[0.061s] -- Up-to-date: /home/rodrigo/turtlebot3_ws/install/turtlebot3_bringup/share/turtlebot3_bringup/environment/path.sh
[0.061s] -- Up-to-date: /home/rodrigo/turtlebot3_ws/install/turtlebot3_bringup/share/turtlebot3_bringup/environment/path.dsv
[0.061s] -- Up-to-date: /home/rodrigo/turtlebot3_ws/install/turtlebot3_bringup/share/turtlebot3_bringup/local_setup.bash
[0.061s] -- Up-to-date: /home/rodrigo/turtlebot3_ws/install/turtlebot3_bringup/share/turtlebot3_bringup/local_setup.sh
[0.061s] -- Up-to-date: /home/rodrigo/turtlebot3_ws/install/turtlebot3_bringup/share/turtlebot3_bringup/local_setup.zsh
[0.061s] -- Up-to-date: /home/rodrigo/turtlebot3_ws/install/turtlebot3_bringup/share/turtlebot3_bringup/local_setup.dsv
[0.061s] -- Installing: /home/rodrigo/turtlebot3_ws/install/turtlebot3_bringup/share/turtlebot3_bringup/package.dsv
[0.061s] -- Up-to-date: /home/rodrigo/turtlebot3_ws/install/turtlebot3_bringup/share/ament_index/resource_index/packages/turtlebot3_bringup
[0.061s] -- Up-to-date: /home/rodrigo/turtlebot3_ws/install/turtlebot3_bringup/share/turtlebot3_bringup/cmake/turtlebot3_bringupConfig.cmake
[0.061s] -- Up-to-date: /home/rodrigo/turtlebot3_ws/install/turtlebot3_bringup/share/turtlebot3_bringup/cmake/turtlebot3_bringupConfig-version.cmake
[0.061s] -- Up-to-date: /home/rodrigo/turtlebot3_ws/install/turtlebot3_bringup/share/turtlebot3_bringup/package.xml
[0.079s] Invoked command in '/home/rodrigo/turtlebot3_ws/build/turtlebot3_bringup' returned '0': CMAKE_PREFIX_PATH=/home/rodrigo/turtlebot3_ws/install/turtlebot3_node:/home/rodrigo/turtlebot3_ws/install/turtlebot3_msgs:/home/rodrigo/turtlebot3_ws/install/turtlebot3_description:/home/rodrigo/turtlebot3_ws/install/turtlebot3:/home/rodrigo/turtlebot3_ws/install/turtlebot3_simulations:/home/rodrigo/turtlebot3_ws/install/turtlebot3_bringup:/home/rodrigo/turtlebot3_ws/install/turtlebot3_navigation2:/home/rodrigo/turtlebot3_ws/install/turtlebot3_fake_node:/home/rodrigo/turtlebot3_ws/install/turtlebot3_gazebo:/home/rodrigo/turtlebot3_ws/install/turtlebot3_cartographer:/home/rodrigo/turtlebot3_ws/install/turtlebot3_teleop:/home/rodrigo/turtlebot3_ws/install/turtlebot3_example:/home/rodrigo/turtlebot3_ws/install/turtlebot3_control_ros2:/opt/ros/humble /usr/bin/cmake --install /home/rodrigo/turtlebot3_ws/build/turtlebot3_bringup
