[0.014s] Invoking command in '/home/rodrigo/turtlebot3_ws/build/turtlebot3_node': CMAKE_PREFIX_PATH=/home/rodrigo/turtlebot3_ws/install/turtlebot3_msgs:/home/rodrigo/turtlebot3_ws/install/turtlebot3:/home/rodrigo/turtlebot3_ws/install/turtlebot3_simulations:/home/rodrigo/turtlebot3_ws/install/turtlebot3_bringup:/home/rodrigo/turtlebot3_ws/install/turtlebot3_node:/home/rodrigo/turtlebot3_ws/install/turtlebot3_navigation2:/home/rodrigo/turtlebot3_ws/install/turtlebot3_fake_node:/home/rodrigo/turtlebot3_ws/install/turtlebot3_gazebo:/home/rodrigo/turtlebot3_ws/install/turtlebot3_description:/home/rodrigo/turtlebot3_ws/install/turtlebot3_cartographer:/home/rodrigo/turtlebot3_ws/install/turtlebot3_teleop:/home/rodrigo/turtlebot3_ws/install/turtlebot3_example:/home/rodrigo/turtlebot3_ws/install/turtlebot3_control_ros2:/opt/ros/humble /usr/bin/cmake --build /home/rodrigo/turtlebot3_ws/build/turtlebot3_node -- -j12 -l12
[0.241s] [ 85%] Built target turtlebot3_node_lib
[0.241s] [100%] Built target turtlebot3_ros
[0.247s] Invoked command in '/home/rodrigo/turtlebot3_ws/build/turtlebot3_node' returned '0': CMAKE_PREFIX_PATH=/home/rodrigo/turtlebot3_ws/install/turtlebot3_msgs:/home/rodrigo/turtlebot3_ws/install/turtlebot3:/home/rodrigo/turtlebot3_ws/install/turtlebot3_simulations:/home/rodrigo/turtlebot3_ws/install/turtlebot3_bringup:/home/rodrigo/turtlebot3_ws/install/turtlebot3_node:/home/rodrigo/turtlebot3_ws/install/turtlebot3_navigation2:/home/rodrigo/turtlebot3_ws/install/turtlebot3_fake_node:/home/rodrigo/turtlebot3_ws/install/turtlebot3_gazebo:/home/rodrigo/turtlebot3_ws/install/turtlebot3_description:/home/rodrigo/turtlebot3_ws/install/turtlebot3_cartographer:/home/rodrigo/turtlebot3_ws/install/turtlebot3_teleop:/home/rodrigo/turtlebot3_ws/install/turtlebot3_example:/home/rodrigo/turtlebot3_ws/install/turtlebot3_control_ros2:/opt/ros/humble /usr/bin/cmake --build /home/rodrigo/turtlebot3_ws/build/turtlebot3_node -- -j12 -l12
[0.248s] Invoking command in '/home/rodrigo/turtlebot3_ws/build/turtlebot3_node': CMAKE_PREFIX_PATH=/home/rodrigo/turtlebot3_ws/install/turtlebot3_msgs:/home/rodrigo/turtlebot3_ws/install/turtlebot3:/home/rodrigo/turtlebot3_ws/install/turtlebot3_simulations:/home/rodrigo/turtlebot3_ws/install/turtlebot3_bringup:/home/rodrigo/turtlebot3_ws/install/turtlebot3_node:/home/rodrigo/turtlebot3_ws/install/turtlebot3_navigation2:/home/rodrigo/turtlebot3_ws/install/turtlebot3_fake_node:/home/rodrigo/turtlebot3_ws/install/turtlebot3_gazebo:/home/rodrigo/turtlebot3_ws/install/turtlebot3_description:/home/rodrigo/turtlebot3_ws/install/turtlebot3_cartographer:/home/rodrigo/turtlebot3_ws/install/turtlebot3_teleop:/home/rodrigo/turtlebot3_ws/install/turtlebot3_example:/home/rodrigo/turtlebot3_ws/install/turtlebot3_control_ros2:/opt/ros/humble /usr/bin/cmake --install /home/rodrigo/turtlebot3_ws/build/turtlebot3_node
[0.253s] -- Install configuration: ""
[0.253s] -- Up-to-date: /home/rodrigo/turtlebot3_ws/install/turtlebot3_node/share/turtlebot3_node/param
[0.253s] -- Up-to-date: /home/rodrigo/turtlebot3_ws/install/turtlebot3_node/share/turtlebot3_node/param/waffle.yaml
[0.253s] -- Up-to-date: /home/rodrigo/turtlebot3_ws/install/turtlebot3_node/share/turtlebot3_node/param/waffle_pi.yaml
[0.253s] -- Up-to-date: /home/rodrigo/turtlebot3_ws/install/turtlebot3_node/share/turtlebot3_node/param/burger.yaml
[0.253s] -- Up-to-date: /home/rodrigo/turtlebot3_ws/install/turtlebot3_node/lib/turtlebot3_node/turtlebot3_ros
[0.253s] -- Up-to-date: /home/rodrigo/turtlebot3_ws/install/turtlebot3_node/share/ament_index/resource_index/package_run_dependencies/turtlebot3_node
[0.253s] -- Up-to-date: /home/rodrigo/turtlebot3_ws/install/turtlebot3_node/share/ament_index/resource_index/parent_prefix_path/turtlebot3_node
[0.254s] -- Up-to-date: /home/rodrigo/turtlebot3_ws/install/turtlebot3_node/share/turtlebot3_node/environment/ament_prefix_path.sh
[0.254s] -- Up-to-date: /home/rodrigo/turtlebot3_ws/install/turtlebot3_node/share/turtlebot3_node/environment/ament_prefix_path.dsv
[0.254s] -- Up-to-date: /home/rodrigo/turtlebot3_ws/install/turtlebot3_node/share/turtlebot3_node/environment/path.sh
[0.254s] -- Up-to-date: /home/rodrigo/turtlebot3_ws/install/turtlebot3_node/share/turtlebot3_node/environment/path.dsv
[0.254s] -- Up-to-date: /home/rodrigo/turtlebot3_ws/install/turtlebot3_node/share/turtlebot3_node/local_setup.bash
[0.254s] -- Up-to-date: /home/rodrigo/turtlebot3_ws/install/turtlebot3_node/share/turtlebot3_node/local_setup.sh
[0.254s] -- Up-to-date: /home/rodrigo/turtlebot3_ws/install/turtlebot3_node/share/turtlebot3_node/local_setup.zsh
[0.254s] -- Up-to-date: /home/rodrigo/turtlebot3_ws/install/turtlebot3_node/share/turtlebot3_node/local_setup.dsv
[0.254s] -- Installing: /home/rodrigo/turtlebot3_ws/install/turtlebot3_node/share/turtlebot3_node/package.dsv
[0.254s] -- Up-to-date: /home/rodrigo/turtlebot3_ws/install/turtlebot3_node/share/ament_index/resource_index/packages/turtlebot3_node
[0.254s] -- Up-to-date: /home/rodrigo/turtlebot3_ws/install/turtlebot3_node/share/turtlebot3_node/cmake/ament_cmake_export_include_directories-extras.cmake
[0.255s] -- Up-to-date: /home/rodrigo/turtlebot3_ws/install/turtlebot3_node/share/turtlebot3_node/cmake/turtlebot3_nodeConfig.cmake
[0.255s] -- Up-to-date: /home/rodrigo/turtlebot3_ws/install/turtlebot3_node/share/turtlebot3_node/cmake/turtlebot3_nodeConfig-version.cmake
[0.255s] -- Up-to-date: /home/rodrigo/turtlebot3_ws/install/turtlebot3_node/share/turtlebot3_node/package.xml
[0.256s] Invoked command in '/home/rodrigo/turtlebot3_ws/build/turtlebot3_node' returned '0': CMAKE_PREFIX_PATH=/home/rodrigo/turtlebot3_ws/install/turtlebot3_msgs:/home/rodrigo/turtlebot3_ws/install/turtlebot3:/home/rodrigo/turtlebot3_ws/install/turtlebot3_simulations:/home/rodrigo/turtlebot3_ws/install/turtlebot3_bringup:/home/rodrigo/turtlebot3_ws/install/turtlebot3_node:/home/rodrigo/turtlebot3_ws/install/turtlebot3_navigation2:/home/rodrigo/turtlebot3_ws/install/turtlebot3_fake_node:/home/rodrigo/turtlebot3_ws/install/turtlebot3_gazebo:/home/rodrigo/turtlebot3_ws/install/turtlebot3_description:/home/rodrigo/turtlebot3_ws/install/turtlebot3_cartographer:/home/rodrigo/turtlebot3_ws/install/turtlebot3_teleop:/home/rodrigo/turtlebot3_ws/install/turtlebot3_example:/home/rodrigo/turtlebot3_ws/install/turtlebot3_control_ros2:/opt/ros/humble /usr/bin/cmake --install /home/rodrigo/turtlebot3_ws/build/turtlebot3_node
