[0.031s] Invoking command in '/home/rodrigo/turtlebot3_ws/build/turtlebot3_description': CMAKE_PREFIX_PATH=${CMAKE_PREFIX_PATH}:/home/rodrigo/turtlebot3_ws/install/turtlebot3_teleop:/home/rodrigo/turtlebot3_ws/install/turtlebot3_example:/home/rodrigo/turtlebot3_ws/install/turtlebot3_control_ros2:/opt/ros/humble /usr/bin/cmake /home/rodrigo/turtlebot3_ws/src/turtlebot3/turtlebot3_description -DCMAKE_INSTALL_PREFIX=/home/rodrigo/turtlebot3_ws/install/turtlebot3_description
[0.712s] -- The C compiler identification is GNU 13.1.0
[0.713s] -- The CXX compiler identification is GNU 13.1.0
[0.714s] -- Detecting C compiler ABI info
[0.714s] -- Detecting C compiler ABI info - done
[0.714s] -- Check for working C compiler: /usr/bin/cc - skipped
[0.714s] -- Detecting C compile features
[0.714s] -- Detecting C compile features - done
[0.714s] -- Detecting CXX compiler ABI info
[0.714s] -- Detecting CXX compiler ABI info - done
[0.714s] -- Check for working CXX compiler: /usr/bin/c++ - skipped
[0.714s] -- Detecting CXX compile features
[0.714s] -- Detecting CXX compile features - done
[0.714s] -- Found ament_cmake: 1.3.11 (/opt/ros/humble/share/ament_cmake/cmake)
[0.766s] -- Found Python3: /usr/bin/python3 (found version "3.10.12") found components: Interpreter 
[0.876s] -- Found urdf: 2.6.1 (/opt/ros/humble/share/urdf/cmake)
[0.983s] -- Configuring done
[0.985s] -- Generating done
[0.986s] -- Build files have been written to: /home/rodrigo/turtlebot3_ws/build/turtlebot3_description
[0.992s] Invoked command in '/home/rodrigo/turtlebot3_ws/build/turtlebot3_description' returned '0': CMAKE_PREFIX_PATH=${CMAKE_PREFIX_PATH}:/home/rodrigo/turtlebot3_ws/install/turtlebot3_teleop:/home/rodrigo/turtlebot3_ws/install/turtlebot3_example:/home/rodrigo/turtlebot3_ws/install/turtlebot3_control_ros2:/opt/ros/humble /usr/bin/cmake /home/rodrigo/turtlebot3_ws/src/turtlebot3/turtlebot3_description -DCMAKE_INSTALL_PREFIX=/home/rodrigo/turtlebot3_ws/install/turtlebot3_description
[0.994s] Invoking command in '/home/rodrigo/turtlebot3_ws/build/turtlebot3_description': CMAKE_PREFIX_PATH=${CMAKE_PREFIX_PATH}:/home/rodrigo/turtlebot3_ws/install/turtlebot3_teleop:/home/rodrigo/turtlebot3_ws/install/turtlebot3_example:/home/rodrigo/turtlebot3_ws/install/turtlebot3_control_ros2:/opt/ros/humble /usr/bin/cmake --build /home/rodrigo/turtlebot3_ws/build/turtlebot3_description -- -j12 -l12
[1.030s] Invoked command in '/home/rodrigo/turtlebot3_ws/build/turtlebot3_description' returned '0': CMAKE_PREFIX_PATH=${CMAKE_PREFIX_PATH}:/home/rodrigo/turtlebot3_ws/install/turtlebot3_teleop:/home/rodrigo/turtlebot3_ws/install/turtlebot3_example:/home/rodrigo/turtlebot3_ws/install/turtlebot3_control_ros2:/opt/ros/humble /usr/bin/cmake --build /home/rodrigo/turtlebot3_ws/build/turtlebot3_description -- -j12 -l12
[1.039s] Invoking command in '/home/rodrigo/turtlebot3_ws/build/turtlebot3_description': CMAKE_PREFIX_PATH=${CMAKE_PREFIX_PATH}:/home/rodrigo/turtlebot3_ws/install/turtlebot3_teleop:/home/rodrigo/turtlebot3_ws/install/turtlebot3_example:/home/rodrigo/turtlebot3_ws/install/turtlebot3_control_ros2:/opt/ros/humble /usr/bin/cmake --install /home/rodrigo/turtlebot3_ws/build/turtlebot3_description
[1.045s] -- Install configuration: ""
[1.046s] -- Installing: /home/rodrigo/turtlebot3_ws/install/turtlebot3_description/share/turtlebot3_description/meshes
[1.046s] -- Installing: /home/rodrigo/turtlebot3_ws/install/turtlebot3_description/share/turtlebot3_description/meshes/sensors
[1.046s] -- Installing: /home/rodrigo/turtlebot3_ws/install/turtlebot3_description/share/turtlebot3_description/meshes/sensors/lds.stl
[1.046s] -- Installing: /home/rodrigo/turtlebot3_ws/install/turtlebot3_description/share/turtlebot3_description/meshes/sensors/r200.jpg
[1.046s] -- Installing: /home/rodrigo/turtlebot3_ws/install/turtlebot3_description/share/turtlebot3_description/meshes/sensors/r200.dae
[1.046s] -- Installing: /home/rodrigo/turtlebot3_ws/install/turtlebot3_description/share/turtlebot3_description/meshes/sensors/astra.jpg
[1.046s] -- Installing: /home/rodrigo/turtlebot3_ws/install/turtlebot3_description/share/turtlebot3_description/meshes/sensors/astra.dae
[1.053s] -- Installing: /home/rodrigo/turtlebot3_ws/install/turtlebot3_description/share/turtlebot3_description/meshes/wheels
[1.053s] -- Installing: /home/rodrigo/turtlebot3_ws/install/turtlebot3_description/share/turtlebot3_description/meshes/wheels/right_tire.stl
[1.054s] -- Installing: /home/rodrigo/turtlebot3_ws/install/turtlebot3_description/share/turtlebot3_description/meshes/wheels/left_tire.stl
[1.055s] -- Installing: /home/rodrigo/turtlebot3_ws/install/turtlebot3_description/share/turtlebot3_description/meshes/bases
[1.055s] -- Installing: /home/rodrigo/turtlebot3_ws/install/turtlebot3_description/share/turtlebot3_description/meshes/bases/burger_base.stl
[1.057s] -- Installing: /home/rodrigo/turtlebot3_ws/install/turtlebot3_description/share/turtlebot3_description/meshes/bases/waffle_pi_base.stl
[1.062s] -- Installing: /home/rodrigo/turtlebot3_ws/install/turtlebot3_description/share/turtlebot3_description/meshes/bases/waffle_base.stl
[1.071s] -- Installing: /home/rodrigo/turtlebot3_ws/install/turtlebot3_description/share/turtlebot3_description/rviz
[1.071s] -- Installing: /home/rodrigo/turtlebot3_ws/install/turtlebot3_description/share/turtlebot3_description/rviz/model.rviz
[1.071s] -- Installing: /home/rodrigo/turtlebot3_ws/install/turtlebot3_description/share/turtlebot3_description/urdf
[1.071s] -- Installing: /home/rodrigo/turtlebot3_ws/install/turtlebot3_description/share/turtlebot3_description/urdf/turtlebot3_waffle_pi.urdf
[1.071s] -- Installing: /home/rodrigo/turtlebot3_ws/install/turtlebot3_description/share/turtlebot3_description/urdf/turtlebot3_waffle.urdf
[1.071s] -- Installing: /home/rodrigo/turtlebot3_ws/install/turtlebot3_description/share/turtlebot3_description/urdf/common_properties.urdf
[1.071s] -- Installing: /home/rodrigo/turtlebot3_ws/install/turtlebot3_description/share/turtlebot3_description/urdf/turtlebot3_burger.urdf
[1.072s] -- Installing: /home/rodrigo/turtlebot3_ws/install/turtlebot3_description/share/ament_index/resource_index/package_run_dependencies/turtlebot3_description
[1.072s] -- Installing: /home/rodrigo/turtlebot3_ws/install/turtlebot3_description/share/ament_index/resource_index/parent_prefix_path/turtlebot3_description
[1.072s] -- Installing: /home/rodrigo/turtlebot3_ws/install/turtlebot3_description/share/turtlebot3_description/environment/ament_prefix_path.sh
[1.072s] -- Installing: /home/rodrigo/turtlebot3_ws/install/turtlebot3_description/share/turtlebot3_description/environment/ament_prefix_path.dsv
[1.072s] -- Installing: /home/rodrigo/turtlebot3_ws/install/turtlebot3_description/share/turtlebot3_description/environment/path.sh
[1.072s] -- Installing: /home/rodrigo/turtlebot3_ws/install/turtlebot3_description/share/turtlebot3_description/environment/path.dsv
[1.072s] -- Installing: /home/rodrigo/turtlebot3_ws/install/turtlebot3_description/share/turtlebot3_description/local_setup.bash
[1.072s] -- Installing: /home/rodrigo/turtlebot3_ws/install/turtlebot3_description/share/turtlebot3_description/local_setup.sh
[1.072s] -- Installing: /home/rodrigo/turtlebot3_ws/install/turtlebot3_description/share/turtlebot3_description/local_setup.zsh
[1.072s] -- Installing: /home/rodrigo/turtlebot3_ws/install/turtlebot3_description/share/turtlebot3_description/local_setup.dsv
[1.073s] -- Installing: /home/rodrigo/turtlebot3_ws/install/turtlebot3_description/share/turtlebot3_description/package.dsv
[1.073s] -- Installing: /home/rodrigo/turtlebot3_ws/install/turtlebot3_description/share/ament_index/resource_index/packages/turtlebot3_description
[1.073s] -- Installing: /home/rodrigo/turtlebot3_ws/install/turtlebot3_description/share/turtlebot3_description/cmake/turtlebot3_descriptionConfig.cmake
[1.073s] -- Installing: /home/rodrigo/turtlebot3_ws/install/turtlebot3_description/share/turtlebot3_description/cmake/turtlebot3_descriptionConfig-version.cmake
[1.073s] -- Installing: /home/rodrigo/turtlebot3_ws/install/turtlebot3_description/share/turtlebot3_description/package.xml
[1.075s] Invoked command in '/home/rodrigo/turtlebot3_ws/build/turtlebot3_description' returned '0': CMAKE_PREFIX_PATH=${CMAKE_PREFIX_PATH}:/home/rodrigo/turtlebot3_ws/install/turtlebot3_teleop:/home/rodrigo/turtlebot3_ws/install/turtlebot3_example:/home/rodrigo/turtlebot3_ws/install/turtlebot3_control_ros2:/opt/ros/humble /usr/bin/cmake --install /home/rodrigo/turtlebot3_ws/build/turtlebot3_description
