[0.549s] Invoking command in '/home/rodrigo/turtlebot3_ws/src/turtlebot3/turtlebot3_example': CMAKE_PREFIX_PATH=/home/rodrigo/turtlebot3_ws/install/turtlebot3_msgs:/home/rodrigo/turtlebot3_ws/install/turtlebot3:/home/rodrigo/turtlebot3_ws/install/turtlebot3_simulations:/home/rodrigo/turtlebot3_ws/install/turtlebot3_bringup:/home/rodrigo/turtlebot3_ws/install/turtlebot3_node:/home/rodrigo/turtlebot3_ws/install/turtlebot3_navigation2:/home/rodrigo/turtlebot3_ws/install/turtlebot3_fake_node:/home/rodrigo/turtlebot3_ws/install/turtlebot3_gazebo:/home/rodrigo/turtlebot3_ws/install/turtlebot3_description:/home/rodrigo/turtlebot3_ws/install/turtlebot3_cartographer PYTHONPATH=/home/rodrigo/turtlebot3_ws/build/turtlebot3_example/prefix_override:/usr/lib/python3/dist-packages/colcon_core/task/python/colcon_distutils_commands:/home/rodrigo/turtlebot3_ws/install/turtlebot3_example/lib/python3.10/site-packages:${PYTHONPATH} /usr/bin/python3 -W ignore:setup.py install is deprecated -W ignore:easy_install command is deprecated setup.py egg_info --egg-base ../../../build/turtlebot3_example build --build-base /home/rodrigo/turtlebot3_ws/build/turtlebot3_example/build install --record /home/rodrigo/turtlebot3_ws/build/turtlebot3_example/install.log --single-version-externally-managed install_data
[0.744s] running egg_info
[0.744s] writing ../../../build/turtlebot3_example/turtlebot3_example.egg-info/PKG-INFO
[0.744s] writing dependency_links to ../../../build/turtlebot3_example/turtlebot3_example.egg-info/dependency_links.txt
[0.745s] writing entry points to ../../../build/turtlebot3_example/turtlebot3_example.egg-info/entry_points.txt
[0.745s] writing requirements to ../../../build/turtlebot3_example/turtlebot3_example.egg-info/requires.txt
[0.745s] writing top-level names to ../../../build/turtlebot3_example/turtlebot3_example.egg-info/top_level.txt
[0.746s] reading manifest file '../../../build/turtlebot3_example/turtlebot3_example.egg-info/SOURCES.txt'
[0.747s] writing manifest file '../../../build/turtlebot3_example/turtlebot3_example.egg-info/SOURCES.txt'
[0.747s] running build
[0.747s] running build_py
[0.748s] running install
[0.748s] running install_lib
[0.750s] running install_data
[0.750s] running install_egg_info
[0.751s] removing '/home/rodrigo/turtlebot3_ws/install/turtlebot3_example/lib/python3.10/site-packages/turtlebot3_example-2.1.5-py3.10.egg-info' (and everything under it)
[0.751s] Copying ../../../build/turtlebot3_example/turtlebot3_example.egg-info to /home/rodrigo/turtlebot3_ws/install/turtlebot3_example/lib/python3.10/site-packages/turtlebot3_example-2.1.5-py3.10.egg-info
[0.752s] running install_scripts
[0.766s] Installing turtlebot3_obstacle_detection script to /home/rodrigo/turtlebot3_ws/install/turtlebot3_example/lib/turtlebot3_example
[0.767s] Installing turtlebot3_patrol_client script to /home/rodrigo/turtlebot3_ws/install/turtlebot3_example/lib/turtlebot3_example
[0.767s] Installing turtlebot3_patrol_server script to /home/rodrigo/turtlebot3_ws/install/turtlebot3_example/lib/turtlebot3_example
[0.767s] Installing turtlebot3_position_control script to /home/rodrigo/turtlebot3_ws/install/turtlebot3_example/lib/turtlebot3_example
[0.767s] writing list of installed files to '/home/rodrigo/turtlebot3_ws/build/turtlebot3_example/install.log'
[0.782s] Invoked command in '/home/rodrigo/turtlebot3_ws/src/turtlebot3/turtlebot3_example' returned '0': CMAKE_PREFIX_PATH=/home/rodrigo/turtlebot3_ws/install/turtlebot3_msgs:/home/rodrigo/turtlebot3_ws/install/turtlebot3:/home/rodrigo/turtlebot3_ws/install/turtlebot3_simulations:/home/rodrigo/turtlebot3_ws/install/turtlebot3_bringup:/home/rodrigo/turtlebot3_ws/install/turtlebot3_node:/home/rodrigo/turtlebot3_ws/install/turtlebot3_navigation2:/home/rodrigo/turtlebot3_ws/install/turtlebot3_fake_node:/home/rodrigo/turtlebot3_ws/install/turtlebot3_gazebo:/home/rodrigo/turtlebot3_ws/install/turtlebot3_description:/home/rodrigo/turtlebot3_ws/install/turtlebot3_cartographer PYTHONPATH=/home/rodrigo/turtlebot3_ws/build/turtlebot3_example/prefix_override:/usr/lib/python3/dist-packages/colcon_core/task/python/colcon_distutils_commands:/home/rodrigo/turtlebot3_ws/install/turtlebot3_example/lib/python3.10/site-packages:${PYTHONPATH} /usr/bin/python3 -W ignore:setup.py install is deprecated -W ignore:easy_install command is deprecated setup.py egg_info --egg-base ../../../build/turtlebot3_example build --build-base /home/rodrigo/turtlebot3_ws/build/turtlebot3_example/build install --record /home/rodrigo/turtlebot3_ws/build/turtlebot3_example/install.log --single-version-externally-managed install_data
