[0.514s] Invoking command in '/home/rodrigo/turtlebot3_ws/src/turtlebot3/turtlebot3_example': AMENT_PREFIX_PATH=/home/rodrigo/turtlebot3_ws/install/turtlebot3_msgs:${AMENT_PREFIX_PATH} CMAKE_PREFIX_PATH=/home/rodrigo/turtlebot3_ws/install/turtlebot3_msgs LD_LIBRARY_PATH=/home/rodrigo/turtlebot3_ws/install/turtlebot3_msgs/lib:${LD_LIBRARY_PATH} PYTHONPATH=/home/rodrigo/turtlebot3_ws/build/turtlebot3_example/prefix_override:/usr/lib/python3/dist-packages/colcon_core/task/python/colcon_distutils_commands:/home/rodrigo/turtlebot3_ws/install/turtlebot3_example/lib/python3.10/site-packages:/home/rodrigo/turtlebot3_ws/install/turtlebot3_msgs/local/lib/python3.10/dist-packages:${PYTHONPATH} /usr/bin/python3 -W ignore:setup.py install is deprecated -W ignore:easy_install command is deprecated setup.py egg_info --egg-base ../../../build/turtlebot3_example build --build-base /home/rodrigo/turtlebot3_ws/build/turtlebot3_example/build install --record /home/rodrigo/turtlebot3_ws/build/turtlebot3_example/install.log --single-version-externally-managed install_data
[0.708s] running egg_info
[0.709s] writing ../../../build/turtlebot3_example/turtlebot3_example.egg-info/PKG-INFO
[0.712s] writing dependency_links to ../../../build/turtlebot3_example/turtlebot3_example.egg-info/dependency_links.txt
[0.712s] writing entry points to ../../../build/turtlebot3_example/turtlebot3_example.egg-info/entry_points.txt
[0.712s] writing requirements to ../../../build/turtlebot3_example/turtlebot3_example.egg-info/requires.txt
[0.712s] writing top-level names to ../../../build/turtlebot3_example/turtlebot3_example.egg-info/top_level.txt
[0.714s] reading manifest file '../../../build/turtlebot3_example/turtlebot3_example.egg-info/SOURCES.txt'
[0.716s] writing manifest file '../../../build/turtlebot3_example/turtlebot3_example.egg-info/SOURCES.txt'
[0.716s] running build
[0.716s] running build_py
[0.719s] running install
[0.719s] running install_lib
[0.722s] running install_data
[0.722s] running install_egg_info
[0.723s] removing '/home/rodrigo/turtlebot3_ws/install/turtlebot3_example/lib/python3.10/site-packages/turtlebot3_example-2.1.5-py3.10.egg-info' (and everything under it)
[0.724s] Copying ../../../build/turtlebot3_example/turtlebot3_example.egg-info to /home/rodrigo/turtlebot3_ws/install/turtlebot3_example/lib/python3.10/site-packages/turtlebot3_example-2.1.5-py3.10.egg-info
[0.724s] running install_scripts
[0.739s] Installing turtlebot3_obstacle_detection script to /home/rodrigo/turtlebot3_ws/install/turtlebot3_example/lib/turtlebot3_example
[0.739s] Installing turtlebot3_patrol_client script to /home/rodrigo/turtlebot3_ws/install/turtlebot3_example/lib/turtlebot3_example
[0.739s] Installing turtlebot3_patrol_server script to /home/rodrigo/turtlebot3_ws/install/turtlebot3_example/lib/turtlebot3_example
[0.739s] Installing turtlebot3_position_control script to /home/rodrigo/turtlebot3_ws/install/turtlebot3_example/lib/turtlebot3_example
[0.740s] writing list of installed files to '/home/rodrigo/turtlebot3_ws/build/turtlebot3_example/install.log'
[0.755s] Invoked command in '/home/rodrigo/turtlebot3_ws/src/turtlebot3/turtlebot3_example' returned '0': AMENT_PREFIX_PATH=/home/rodrigo/turtlebot3_ws/install/turtlebot3_msgs:${AMENT_PREFIX_PATH} CMAKE_PREFIX_PATH=/home/rodrigo/turtlebot3_ws/install/turtlebot3_msgs LD_LIBRARY_PATH=/home/rodrigo/turtlebot3_ws/install/turtlebot3_msgs/lib:${LD_LIBRARY_PATH} PYTHONPATH=/home/rodrigo/turtlebot3_ws/build/turtlebot3_example/prefix_override:/usr/lib/python3/dist-packages/colcon_core/task/python/colcon_distutils_commands:/home/rodrigo/turtlebot3_ws/install/turtlebot3_example/lib/python3.10/site-packages:/home/rodrigo/turtlebot3_ws/install/turtlebot3_msgs/local/lib/python3.10/dist-packages:${PYTHONPATH} /usr/bin/python3 -W ignore:setup.py install is deprecated -W ignore:easy_install command is deprecated setup.py egg_info --egg-base ../../../build/turtlebot3_example build --build-base /home/rodrigo/turtlebot3_ws/build/turtlebot3_example/build install --record /home/rodrigo/turtlebot3_ws/build/turtlebot3_example/install.log --single-version-externally-managed install_data
