[0.027s] Invoking command in '/home/rodrigo/turtlebot3_ws/build/turtlebot3_node': CMAKE_PREFIX_PATH=${CMAKE_PREFIX_PATH}:/home/rodrigo/turtlebot3_ws/install/turtlebot3_teleop:/home/rodrigo/turtlebot3_ws/install/turtlebot3_example:/home/rodrigo/turtlebot3_ws/install/turtlebot3_control_ros2:/opt/ros/humble /usr/bin/cmake /home/rodrigo/turtlebot3_ws/src/turtlebot3/turtlebot3_node -DCMAKE_INSTALL_PREFIX=/home/rodrigo/turtlebot3_ws/install/turtlebot3_node
[0.710s] -- The C compiler identification is GNU 13.1.0
[0.710s] -- The CXX compiler identification is GNU 13.1.0
[0.710s] -- Detecting C compiler ABI info
[0.710s] -- Detecting C compiler ABI info - done
[0.710s] -- Check for working C compiler: /usr/bin/cc - skipped
[0.710s] -- Detecting C compile features
[0.710s] -- Detecting C compile features - done
[0.711s] -- Detecting CXX compiler ABI info
[0.711s] -- Detecting CXX compiler ABI info - done
[0.711s] -- Check for working CXX compiler: /usr/bin/c++ - skipped
[0.712s] -- Detecting CXX compile features
[0.712s] -- Detecting CXX compile features - done
[0.712s] -- Found ament_cmake: 1.3.11 (/opt/ros/humble/share/ament_cmake/cmake)
[0.776s] -- Found Python3: /usr/bin/python3 (found version "3.10.12") found components: Interpreter 
[0.902s] -- Found dynamixel_sdk: 3.8.4 (/opt/ros/humble/share/dynamixel_sdk/cmake)
[0.907s] -- Found geometry_msgs: 4.9.0 (/opt/ros/humble/share/geometry_msgs/cmake)
[0.962s] -- Found rosidl_generator_c: 3.1.6 (/opt/ros/humble/share/rosidl_generator_c/cmake)
[0.971s] -- Found rosidl_adapter: 3.1.6 (/opt/ros/humble/share/rosidl_adapter/cmake)
[0.984s] -- Found rosidl_generator_cpp: 3.1.6 (/opt/ros/humble/share/rosidl_generator_cpp/cmake)
[1.003s] -- Using all available rosidl_typesupport_c: rosidl_typesupport_fastrtps_c;rosidl_typesupport_introspection_c
[1.023s] -- Using all available rosidl_typesupport_cpp: rosidl_typesupport_fastrtps_cpp;rosidl_typesupport_introspection_cpp
[1.069s] -- Found message_filters: 4.3.7 (/opt/ros/humble/share/message_filters/cmake)
[1.123s] -- Found rmw_implementation_cmake: 6.1.2 (/opt/ros/humble/share/rmw_implementation_cmake/cmake)
[1.128s] -- Found rmw_fastrtps_cpp: 6.2.7 (/opt/ros/humble/share/rmw_fastrtps_cpp/cmake)
[1.223s] -- Found OpenSSL: /usr/lib/x86_64-linux-gnu/libcrypto.so (found version "3.0.2")  
[1.259s] -- Found FastRTPS: /opt/ros/humble/include  
[1.303s] -- Using RMW implementation 'rmw_fastrtps_cpp' as default
[1.310s] -- Looking for pthread.h
[1.366s] -- Looking for pthread.h - found
[1.367s] -- Performing Test CMAKE_HAVE_LIBC_PTHREAD
[1.469s] -- Performing Test CMAKE_HAVE_LIBC_PTHREAD - Success
[1.470s] -- Found Threads: TRUE  
[1.516s] -- Found nav_msgs: 4.9.0 (/opt/ros/humble/share/nav_msgs/cmake)
[1.534s] -- Found sensor_msgs: 4.9.0 (/opt/ros/humble/share/sensor_msgs/cmake)
[1.553s] -- Found std_srvs: 4.9.0 (/opt/ros/humble/share/std_srvs/cmake)
[1.569s] -- Found tf2: 0.25.13 (/opt/ros/humble/share/tf2/cmake)
[1.583s] -- Found tf2_ros: 0.25.13 (/opt/ros/humble/share/tf2_ros/cmake)
[1.708s] -- Found turtlebot3_msgs: 2.4.0 (/opt/ros/humble/share/turtlebot3_msgs/cmake)
[1.815s] -- Configuring done
[1.836s] -- Generating done
[1.843s] -- Build files have been written to: /home/rodrigo/turtlebot3_ws/build/turtlebot3_node
[1.855s] Invoked command in '/home/rodrigo/turtlebot3_ws/build/turtlebot3_node' returned '0': CMAKE_PREFIX_PATH=${CMAKE_PREFIX_PATH}:/home/rodrigo/turtlebot3_ws/install/turtlebot3_teleop:/home/rodrigo/turtlebot3_ws/install/turtlebot3_example:/home/rodrigo/turtlebot3_ws/install/turtlebot3_control_ros2:/opt/ros/humble /usr/bin/cmake /home/rodrigo/turtlebot3_ws/src/turtlebot3/turtlebot3_node -DCMAKE_INSTALL_PREFIX=/home/rodrigo/turtlebot3_ws/install/turtlebot3_node
[1.856s] Invoking command in '/home/rodrigo/turtlebot3_ws/build/turtlebot3_node': CMAKE_PREFIX_PATH=${CMAKE_PREFIX_PATH}:/home/rodrigo/turtlebot3_ws/install/turtlebot3_teleop:/home/rodrigo/turtlebot3_ws/install/turtlebot3_example:/home/rodrigo/turtlebot3_ws/install/turtlebot3_control_ros2:/opt/ros/humble /usr/bin/cmake --build /home/rodrigo/turtlebot3_ws/build/turtlebot3_node -- -j12 -l12
[1.893s] [ 42%] [32mBuilding CXX object CMakeFiles/turtlebot3_node_lib.dir/src/devices/reset.cpp.o[0m
[1.893s] [ 42%] [32mBuilding CXX object CMakeFiles/turtlebot3_node_lib.dir/src/turtlebot3.cpp.o[0m
[1.893s] [ 42%] [32mBuilding CXX object CMakeFiles/turtlebot3_node_lib.dir/src/dynamixel_sdk_wrapper.cpp.o[0m
[1.894s] [ 42%] [32mBuilding CXX object CMakeFiles/turtlebot3_node_lib.dir/src/devices/motor_power.cpp.o[0m
[1.894s] [ 42%] [32mBuilding CXX object CMakeFiles/turtlebot3_node_lib.dir/src/sensors/battery_state.cpp.o[0m
[1.894s] [ 42%] [32mBuilding CXX object CMakeFiles/turtlebot3_node_lib.dir/src/odometry.cpp.o[0m
[1.894s] [ 50%] [32mBuilding CXX object CMakeFiles/turtlebot3_node_lib.dir/src/devices/sound.cpp.o[0m
[1.894s] [ 57%] [32mBuilding CXX object CMakeFiles/turtlebot3_node_lib.dir/src/sensors/imu.cpp.o[0m
[1.895s] [ 64%] [32mBuilding CXX object CMakeFiles/turtlebot3_node_lib.dir/src/sensors/joint_state.cpp.o[0m
[1.896s] [ 71%] [32mBuilding CXX object CMakeFiles/turtlebot3_node_lib.dir/src/diff_drive_controller.cpp.o[0m
[1.901s] [ 78%] [32mBuilding CXX object CMakeFiles/turtlebot3_node_lib.dir/src/sensors/sensor_state.cpp.o[0m
[19.452s] [ 85%] [32m[1mLinking CXX static library libturtlebot3_node_lib.a[0m
[19.792s] [ 85%] Built target turtlebot3_node_lib
[19.806s] [ 92%] [32mBuilding CXX object CMakeFiles/turtlebot3_ros.dir/src/node_main.cpp.o[0m
[22.018s] [100%] [32m[1mLinking CXX executable turtlebot3_ros[0m
[23.181s] [100%] Built target turtlebot3_ros
[23.188s] Invoked command in '/home/rodrigo/turtlebot3_ws/build/turtlebot3_node' returned '0': CMAKE_PREFIX_PATH=${CMAKE_PREFIX_PATH}:/home/rodrigo/turtlebot3_ws/install/turtlebot3_teleop:/home/rodrigo/turtlebot3_ws/install/turtlebot3_example:/home/rodrigo/turtlebot3_ws/install/turtlebot3_control_ros2:/opt/ros/humble /usr/bin/cmake --build /home/rodrigo/turtlebot3_ws/build/turtlebot3_node -- -j12 -l12
[23.190s] Invoking command in '/home/rodrigo/turtlebot3_ws/build/turtlebot3_node': CMAKE_PREFIX_PATH=${CMAKE_PREFIX_PATH}:/home/rodrigo/turtlebot3_ws/install/turtlebot3_teleop:/home/rodrigo/turtlebot3_ws/install/turtlebot3_example:/home/rodrigo/turtlebot3_ws/install/turtlebot3_control_ros2:/opt/ros/humble /usr/bin/cmake --install /home/rodrigo/turtlebot3_ws/build/turtlebot3_node
[23.194s] -- Install configuration: ""
[23.194s] -- Installing: /home/rodrigo/turtlebot3_ws/install/turtlebot3_node/share/turtlebot3_node/param
[23.195s] -- Installing: /home/rodrigo/turtlebot3_ws/install/turtlebot3_node/share/turtlebot3_node/param/waffle.yaml
[23.195s] -- Installing: /home/rodrigo/turtlebot3_ws/install/turtlebot3_node/share/turtlebot3_node/param/waffle_pi.yaml
[23.196s] -- Installing: /home/rodrigo/turtlebot3_ws/install/turtlebot3_node/share/turtlebot3_node/param/burger.yaml
[23.196s] -- Installing: /home/rodrigo/turtlebot3_ws/install/turtlebot3_node/lib/turtlebot3_node/turtlebot3_ros
[23.202s] -- Set runtime path of "/home/rodrigo/turtlebot3_ws/install/turtlebot3_node/lib/turtlebot3_node/turtlebot3_ros" to ""
[23.202s] -- Installing: /home/rodrigo/turtlebot3_ws/install/turtlebot3_node/share/ament_index/resource_index/package_run_dependencies/turtlebot3_node
[23.202s] -- Installing: /home/rodrigo/turtlebot3_ws/install/turtlebot3_node/share/ament_index/resource_index/parent_prefix_path/turtlebot3_node
[23.202s] -- Installing: /home/rodrigo/turtlebot3_ws/install/turtlebot3_node/share/turtlebot3_node/environment/ament_prefix_path.sh
[23.202s] -- Installing: /home/rodrigo/turtlebot3_ws/install/turtlebot3_node/share/turtlebot3_node/environment/ament_prefix_path.dsv
[23.202s] -- Installing: /home/rodrigo/turtlebot3_ws/install/turtlebot3_node/share/turtlebot3_node/environment/path.sh
[23.202s] -- Installing: /home/rodrigo/turtlebot3_ws/install/turtlebot3_node/share/turtlebot3_node/environment/path.dsv
[23.203s] -- Installing: /home/rodrigo/turtlebot3_ws/install/turtlebot3_node/share/turtlebot3_node/local_setup.bash
[23.203s] -- Installing: /home/rodrigo/turtlebot3_ws/install/turtlebot3_node/share/turtlebot3_node/local_setup.sh
[23.203s] -- Installing: /home/rodrigo/turtlebot3_ws/install/turtlebot3_node/share/turtlebot3_node/local_setup.zsh
[23.203s] -- Installing: /home/rodrigo/turtlebot3_ws/install/turtlebot3_node/share/turtlebot3_node/local_setup.dsv
[23.203s] -- Installing: /home/rodrigo/turtlebot3_ws/install/turtlebot3_node/share/turtlebot3_node/package.dsv
[23.203s] -- Installing: /home/rodrigo/turtlebot3_ws/install/turtlebot3_node/share/ament_index/resource_index/packages/turtlebot3_node
[23.203s] -- Installing: /home/rodrigo/turtlebot3_ws/install/turtlebot3_node/share/turtlebot3_node/cmake/ament_cmake_export_include_directories-extras.cmake
[23.203s] -- Installing: /home/rodrigo/turtlebot3_ws/install/turtlebot3_node/share/turtlebot3_node/cmake/turtlebot3_nodeConfig.cmake
[23.203s] -- Installing: /home/rodrigo/turtlebot3_ws/install/turtlebot3_node/share/turtlebot3_node/cmake/turtlebot3_nodeConfig-version.cmake
[23.203s] -- Installing: /home/rodrigo/turtlebot3_ws/install/turtlebot3_node/share/turtlebot3_node/package.xml
[23.205s] Invoked command in '/home/rodrigo/turtlebot3_ws/build/turtlebot3_node' returned '0': CMAKE_PREFIX_PATH=${CMAKE_PREFIX_PATH}:/home/rodrigo/turtlebot3_ws/install/turtlebot3_teleop:/home/rodrigo/turtlebot3_ws/install/turtlebot3_example:/home/rodrigo/turtlebot3_ws/install/turtlebot3_control_ros2:/opt/ros/humble /usr/bin/cmake --install /home/rodrigo/turtlebot3_ws/build/turtlebot3_node
