[0.030s] Invoking command in '/home/rodrigo/turtlebot3_ws/build/turtlebot3_navigation2': CMAKE_PREFIX_PATH=${CMAKE_PREFIX_PATH}:/home/rodrigo/turtlebot3_ws/install/turtlebot3_teleop:/home/rodrigo/turtlebot3_ws/install/turtlebot3_example:/home/rodrigo/turtlebot3_ws/install/turtlebot3_control_ros2:/opt/ros/humble /usr/bin/cmake --build /home/rodrigo/turtlebot3_ws/build/turtlebot3_navigation2 -- -j12 -l12
[0.583s] Invoked command in '/home/rodrigo/turtlebot3_ws/build/turtlebot3_navigation2' returned '0': CMAKE_PREFIX_PATH=${CMAKE_PREFIX_PATH}:/home/rodrigo/turtlebot3_ws/install/turtlebot3_teleop:/home/rodrigo/turtlebot3_ws/install/turtlebot3_example:/home/rodrigo/turtlebot3_ws/install/turtlebot3_control_ros2:/opt/ros/humble /usr/bin/cmake --build /home/rodrigo/turtlebot3_ws/build/turtlebot3_navigation2 -- -j12 -l12
[0.584s] Invoking command in '/home/rodrigo/turtlebot3_ws/build/turtlebot3_navigation2': CMAKE_PREFIX_PATH=${CMAKE_PREFIX_PATH}:/home/rodrigo/turtlebot3_ws/install/turtlebot3_teleop:/home/rodrigo/turtlebot3_ws/install/turtlebot3_example:/home/rodrigo/turtlebot3_ws/install/turtlebot3_control_ros2:/opt/ros/humble /usr/bin/cmake --install /home/rodrigo/turtlebot3_ws/build/turtlebot3_navigation2
[0.600s] -- Install configuration: ""
[0.600s] -- Up-to-date: /home/rodrigo/turtlebot3_ws/install/turtlebot3_navigation2/share/turtlebot3_navigation2/launch
[0.600s] -- Up-to-date: /home/rodrigo/turtlebot3_ws/install/turtlebot3_navigation2/share/turtlebot3_navigation2/launch/navigation2.launch.py
[0.600s] -- Up-to-date: /home/rodrigo/turtlebot3_ws/install/turtlebot3_navigation2/share/turtlebot3_navigation2/map
[0.600s] -- Up-to-date: /home/rodrigo/turtlebot3_ws/install/turtlebot3_navigation2/share/turtlebot3_navigation2/map/map.yaml
[0.600s] -- Up-to-date: /home/rodrigo/turtlebot3_ws/install/turtlebot3_navigation2/share/turtlebot3_navigation2/map/map.pgm
[0.600s] -- Up-to-date: /home/rodrigo/turtlebot3_ws/install/turtlebot3_navigation2/share/turtlebot3_navigation2/param
[0.600s] -- Up-to-date: /home/rodrigo/turtlebot3_ws/install/turtlebot3_navigation2/share/turtlebot3_navigation2/param/waffle.yaml
[0.600s] -- Up-to-date: /home/rodrigo/turtlebot3_ws/install/turtlebot3_navigation2/share/turtlebot3_navigation2/param/waffle_pi.yaml
[0.600s] -- Up-to-date: /home/rodrigo/turtlebot3_ws/install/turtlebot3_navigation2/share/turtlebot3_navigation2/param/burger.yaml
[0.600s] -- Up-to-date: /home/rodrigo/turtlebot3_ws/install/turtlebot3_navigation2/share/turtlebot3_navigation2/rviz
[0.600s] -- Up-to-date: /home/rodrigo/turtlebot3_ws/install/turtlebot3_navigation2/share/turtlebot3_navigation2/rviz/tb3_navigation2.rviz
[0.601s] -- Up-to-date: /home/rodrigo/turtlebot3_ws/install/turtlebot3_navigation2/share/ament_index/resource_index/package_run_dependencies/turtlebot3_navigation2
[0.601s] -- Up-to-date: /home/rodrigo/turtlebot3_ws/install/turtlebot3_navigation2/share/ament_index/resource_index/parent_prefix_path/turtlebot3_navigation2
[0.601s] -- Up-to-date: /home/rodrigo/turtlebot3_ws/install/turtlebot3_navigation2/share/turtlebot3_navigation2/environment/ament_prefix_path.sh
[0.601s] -- Up-to-date: /home/rodrigo/turtlebot3_ws/install/turtlebot3_navigation2/share/turtlebot3_navigation2/environment/ament_prefix_path.dsv
[0.601s] -- Up-to-date: /home/rodrigo/turtlebot3_ws/install/turtlebot3_navigation2/share/turtlebot3_navigation2/environment/path.sh
[0.601s] -- Up-to-date: /home/rodrigo/turtlebot3_ws/install/turtlebot3_navigation2/share/turtlebot3_navigation2/environment/path.dsv
[0.602s] -- Up-to-date: /home/rodrigo/turtlebot3_ws/install/turtlebot3_navigation2/share/turtlebot3_navigation2/local_setup.bash
[0.602s] -- Up-to-date: /home/rodrigo/turtlebot3_ws/install/turtlebot3_navigation2/share/turtlebot3_navigation2/local_setup.sh
[0.602s] -- Up-to-date: /home/rodrigo/turtlebot3_ws/install/turtlebot3_navigation2/share/turtlebot3_navigation2/local_setup.zsh
[0.602s] -- Up-to-date: /home/rodrigo/turtlebot3_ws/install/turtlebot3_navigation2/share/turtlebot3_navigation2/local_setup.dsv
[0.602s] -- Installing: /home/rodrigo/turtlebot3_ws/install/turtlebot3_navigation2/share/turtlebot3_navigation2/package.dsv
[0.602s] -- Up-to-date: /home/rodrigo/turtlebot3_ws/install/turtlebot3_navigation2/share/ament_index/resource_index/packages/turtlebot3_navigation2
[0.603s] -- Up-to-date: /home/rodrigo/turtlebot3_ws/install/turtlebot3_navigation2/share/turtlebot3_navigation2/cmake/turtlebot3_navigation2Config.cmake
[0.603s] -- Up-to-date: /home/rodrigo/turtlebot3_ws/install/turtlebot3_navigation2/share/turtlebot3_navigation2/cmake/turtlebot3_navigation2Config-version.cmake
[0.603s] -- Up-to-date: /home/rodrigo/turtlebot3_ws/install/turtlebot3_navigation2/share/turtlebot3_navigation2/package.xml
[0.671s] Invoked command in '/home/rodrigo/turtlebot3_ws/build/turtlebot3_navigation2' returned '0': CMAKE_PREFIX_PATH=${CMAKE_PREFIX_PATH}:/home/rodrigo/turtlebot3_ws/install/turtlebot3_teleop:/home/rodrigo/turtlebot3_ws/install/turtlebot3_example:/home/rodrigo/turtlebot3_ws/install/turtlebot3_control_ros2:/opt/ros/humble /usr/bin/cmake --install /home/rodrigo/turtlebot3_ws/build/turtlebot3_navigation2
